<?xml version="1.0" encoding="UTF-8"?>
<testsuite xmlns:xsi="http://www.w3.org/2001/XMLSchema-instance" xsi:noNamespaceSchemaLocation="https://maven.apache.org/surefire/maven-surefire-plugin/xsd/surefire-test-report-3.0.xsd" version="3.0" name="com.leaderboard.controller.AuthControllerTest" time="8.396" tests="4" errors="0" skipped="0" failures="0">
  <properties>
[...]
</properties>
  <testcase name="testLogin_Success" classname="com.leaderboard.controller.AuthControllerTest" time="1.279">
    <system-out><![CDATA[2026-06-20T23:21:36.597+05:30  INFO 23720 --- [           main] t.c.s.AnnotationConfigContextLoaderUtils : Could not detect default configuration classes for test class [com.leaderboard.controller.AuthControllerTest]: AuthControllerTest does not declare any static, non-private, non-final, nested classes annotated with @Configuration.
2026-06-20T23:21:36.674+05:30  INFO 23720 --- [           main] .b.t.c.SpringBootTestContextBootstrapper : Found @SpringBootConfiguration com.leaderboard.WatchLeaderboardApplication for test class com.leaderboard.controller.AuthControllerTest
  .   ____          _            __ _ _
 /\\ / ___'_ __ _ _(_)_ __  __ _ \ \ \ \
( ( )\___ | '_ | '_| | '_ \/ _` | \ \ \ \
 \\/  ___)| |_)| | | | | || (_| |  ) ) ) )
  '  |____| .__|_| |_|_| |_\__, | / / / /
 =========|_|==============|___/=/_/_/_/

 :: Spring Boot ::                (v3.3.0)

2026-06-20T23:21:36.762+05:30  INFO 23720 --- [           main] o.a.z.server.persistence.FileTxnSnapLog  : zookeeper.snapshot.trust.empty : false
2026-06-20T23:21:36.764+05:30  INFO 23720 --- [           main] o.a.z.server.watch.WatchManagerFactory   : Using org.apache.zookeeper.server.watch.WatchManager as watch manager
2026-06-20T23:21:36.764+05:30  INFO 23720 --- [           main] o.a.z.server.watch.WatchManagerFactory   : Using org.apache.zookeeper.server.watch.WatchManager as watch manager
2026-06-20T23:21:36.764+05:30  INFO 23720 --- [           main] org.apache.zookeeper.server.ZKDatabase   : zookeeper.snapshotSizeFactor = 0.33
2026-06-20T23:21:36.764+05:30  INFO 23720 --- [           main] org.apache.zookeeper.server.ZKDatabase   : zookeeper.commitLogCount=500
2026-06-20T23:21:36.764+05:30  INFO 23720 --- [           main] o.a.zookeeper.server.ZooKeeperServer     : minSessionTimeout set to 1600 ms
2026-06-20T23:21:36.764+05:30  INFO 23720 --- [           main] o.a.zookeeper.server.ZooKeeperServer     : maxSessionTimeout set to 16000 ms
2026-06-20T23:21:36.764+05:30  INFO 23720 --- [           main] o.apache.zookeeper.server.ResponseCache  : getData response cache size is initialized with value 400.
2026-06-20T23:21:36.764+05:30  INFO 23720 --- [           main] o.apache.zookeeper.server.ResponseCache  : getChildren response cache size is initialized with value 400.
2026-06-20T23:21:36.765+05:30  INFO 23720 --- [           main] o.a.z.s.u.RequestPathMetricsCollector    : zookeeper.pathStats.slotCapacity = 60
2026-06-20T23:21:36.765+05:30  INFO 23720 --- [           main] o.a.z.s.u.RequestPathMetricsCollector    : zookeeper.pathStats.slotDuration = 15
2026-06-20T23:21:36.765+05:30  INFO 23720 --- [           main] o.a.z.s.u.RequestPathMetricsCollector    : zookeeper.pathStats.maxDepth = 6
2026-06-20T23:21:36.765+05:30  INFO 23720 --- [           main] o.a.z.s.u.RequestPathMetricsCollector    : zookeeper.pathStats.initialDelay = 5
2026-06-20T23:21:36.765+05:30  INFO 23720 --- [           main] o.a.z.s.u.RequestPathMetricsCollector    : zookeeper.pathStats.delay = 5
2026-06-20T23:21:36.765+05:30  INFO 23720 --- [           main] o.a.z.s.u.RequestPathMetricsCollector    : zookeeper.pathStats.enabled = false
2026-06-20T23:21:36.765+05:30  INFO 23720 --- [           main] o.a.zookeeper.server.ZooKeeperServer     : The max bytes for all large requests are set to 104857600
2026-06-20T23:21:36.765+05:30  INFO 23720 --- [           main] o.a.zookeeper.server.ZooKeeperServer     : The large request threshold is set to -1
2026-06-20T23:21:36.765+05:30  INFO 23720 --- [           main] o.a.z.server.AuthenticationHelper        : zookeeper.enforce.auth.enabled = false
2026-06-20T23:21:36.765+05:30  INFO 23720 --- [           main] o.a.z.server.AuthenticationHelper        : zookeeper.enforce.auth.schemes = []
2026-06-20T23:21:36.765+05:30  INFO 23720 --- [           main] o.a.zookeeper.server.ZooKeeperServer     : Created server with tickTime 800 ms minSessionTimeout 1600 ms maxSessionTimeout 16000 ms clientPortListenBacklog -1 datadir C:\Users\PC\AppData\Local\Temp\kafka-1155574554041343423\version-2 snapdir C:\Users\PC\AppData\Local\Temp\kafka-18215064960878468370\version-2
2026-06-20T23:21:36.765+05:30  WARN 23720 --- [           main] o.a.zookeeper.server.ServerCnxnFactory   : maxCnxns is not configured, using default value 0.
2026-06-20T23:21:36.765+05:30  INFO 23720 --- [           main] o.a.z.server.NIOServerCnxnFactory        : Configuring NIO connection handler with 10s sessionless connection timeout, 2 selector thread(s), 16 worker threads, and 64 kB direct buffers.
2026-06-20T23:21:36.769+05:30  INFO 23720 --- [           main] o.a.z.server.NIOServerCnxnFactory        : binding to port /127.0.0.1:0
2026-06-20T23:21:36.775+05:30  INFO 23720 --- [           main] o.a.z.server.persistence.FileTxnSnapLog  : Snapshotting: 0x0 to C:\Users\PC\AppData\Local\Temp\kafka-18215064960878468370\version-2\snapshot.0
2026-06-20T23:21:36.780+05:30  INFO 23720 --- [           main] org.apache.zookeeper.server.ZKDatabase   : Snapshot loaded in 5 ms, highest zxid is 0x0, digest is 1371985504
2026-06-20T23:21:36.781+05:30  INFO 23720 --- [           main] o.a.z.server.persistence.FileTxnSnapLog  : Snapshotting: 0x0 to C:\Users\PC\AppData\Local\Temp\kafka-18215064960878468370\version-2\snapshot.0
2026-06-20T23:21:36.784+05:30  INFO 23720 --- [           main] o.a.zookeeper.server.ZooKeeperServer     : Snapshot taken in 3 ms
2026-06-20T23:21:36.790+05:30  INFO 23720 --- [0 cport:50665):] o.a.z.server.PrepRequestProcessor        : PrepRequestProcessor (sid:0) started, reconfigEnabled=false
2026-06-20T23:21:36.791+05:30  INFO 23720 --- [           main] kafka.server.KafkaConfig                 : KafkaConfig values: 
	advertised.listeners = null
	alter.config.policy.class.name = null
	alter.log.dirs.replication.quota.window.num = 11
	alter.log.dirs.replication.quota.window.size.seconds = 1
	authorizer.class.name = 
	auto.create.topics.enable = true
	auto.include.jmx.reporter = true
	auto.leader.rebalance.enable = true
	background.threads = 2
	broker.heartbeat.interval.ms = 2000
	broker.id = 0
	broker.id.generation.enable = true
	broker.rack = null
	broker.session.timeout.ms = 9000
	client.quota.callback.class = null
	compression.type = producer
	connection.failed.authentication.delay.ms = 100
	connections.max.idle.ms = 600000
	connections.max.reauth.ms = 0
	control.plane.listener.name = null
	controlled.shutdown.enable = false
	controlled.shutdown.max.retries = 3
	controlled.shutdown.retry.backoff.ms = 100
	controller.listener.names = null
	controller.quorum.append.linger.ms = 25
	controller.quorum.election.backoff.max.ms = 1000
	controller.quorum.election.timeout.ms = 1000
	controller.quorum.fetch.timeout.ms = 2000
	controller.quorum.request.timeout.ms = 2000
	controller.quorum.retry.backoff.ms = 20
	controller.quorum.voters = []
	controller.quota.window.num = 11
	controller.quota.window.size.seconds = 1
	controller.socket.timeout.ms = 1000
	create.topic.policy.class.name = null
	default.replication.factor = 1
	delegation.token.expiry.check.interval.ms = 3600000
	delegation.token.expiry.time.ms = 86400000
	delegation.token.master.key = null
	delegation.token.max.lifetime.ms = 604800000
	delegation.token.secret.key = null
	delete.records.purgatory.purge.interval.requests = 1
	delete.topic.enable = true
	early.start.listeners = null
	eligible.leader.replicas.enable = false
	fetch.max.bytes = 57671680
	fetch.purgatory.purge.interval.requests = 1000
	group.consumer.assignors = [org.apache.kafka.coordinator.group.assignor.UniformAssignor, org.apache.kafka.coordinator.group.assignor.RangeAssignor]
	group.consumer.heartbeat.interval.ms = 5000
	group.consumer.max.heartbeat.interval.ms = 15000
	group.consumer.max.session.timeout.ms = 60000
	group.consumer.max.size = 2147483647
	group.consumer.min.heartbeat.interval.ms = 5000
	group.consumer.min.session.timeout.ms = 45000
	group.consumer.session.timeout.ms = 45000
	group.coordinator.new.enable = false
	group.coordinator.rebalance.protocols = [classic]
	group.coordinator.threads = 1
	group.initial.rebalance.delay.ms = 0
	group.max.session.timeout.ms = 1800000
	group.max.size = 2147483647
	group.min.session.timeout.ms = 6000
	initial.broker.registration.timeout.ms = 60000
	inter.broker.listener.name = null
	inter.broker.protocol.version = 3.7-IV4
	kafka.metrics.polling.interval.secs = 10
	kafka.metrics.reporters = []
	leader.imbalance.check.interval.seconds = 300
	leader.imbalance.per.broker.percentage = 10
	listener.security.protocol.map = PLAINTEXT:PLAINTEXT,SSL:SSL,SASL_PLAINTEXT:SASL_PLAINTEXT,SASL_SSL:SASL_SSL
	listeners = PLAINTEXT://localhost:0
	log.cleaner.backoff.ms = 15000
	log.cleaner.dedupe.buffer.size = 2097152
	log.cleaner.delete.retention.ms = 86400000
	log.cleaner.enable = true
	log.cleaner.io.buffer.load.factor = 0.9
	log.cleaner.io.buffer.size = 524288
	log.cleaner.io.max.bytes.per.second = 1.7976931348623157E308
	log.cleaner.max.compaction.lag.ms = 9223372036854775807
	log.cleaner.min.cleanable.ratio = 0.5
	log.cleaner.min.compaction.lag.ms = 0
	log.cleaner.threads = 1
	log.cleanup.policy = [delete]
	log.dir = C:\Users\PC\AppData\Local\Temp\spring.kafka.c5e2beb7-ddc4-4545-8aa5-b24fa43bf5ef8296493793770366173
	log.dirs = null
	log.flush.interval.messages = 9223372036854775807
	log.flush.interval.ms = null
	log.flush.offset.checkpoint.interval.ms = 60000
	log.flush.scheduler.interval.ms = 9223372036854775807
	log.flush.start.offset.checkpoint.interval.ms = 60000
	log.index.interval.bytes = 4096
	log.index.size.max.bytes = 10485760
	log.local.retention.bytes = -2
	log.local.retention.ms = -2
	log.message.downconversion.enable = true
	log.message.format.version = 3.0-IV1
	log.message.timestamp.after.max.ms = 9223372036854775807
	log.message.timestamp.before.max.ms = 9223372036854775807
	log.message.timestamp.difference.max.ms = 9223372036854775807
	log.message.timestamp.type = CreateTime
	log.preallocate = false
	log.retention.bytes = -1
	log.retention.check.interval.ms = 300000
	log.retention.hours = 168
	log.retention.minutes = null
	log.retention.ms = null
	log.roll.hours = 168
	log.roll.jitter.hours = 0
	log.roll.jitter.ms = null
	log.roll.ms = null
	log.segment.bytes = 1073741824
	log.segment.delete.delay.ms = 1000
	max.connection.creation.rate = 2147483647
	max.connections = 2147483647
	max.connections.per.ip = 2147483647
	max.connections.per.ip.overrides = 
	max.incremental.fetch.session.cache.slots = 1000
	message.max.bytes = 1048588
	metadata.log.dir = null
	metadata.log.max.record.bytes.between.snapshots = 20971520
	metadata.log.max.snapshot.interval.ms = 3600000
	metadata.log.segment.bytes = 1073741824
	metadata.log.segment.min.bytes = 8388608
	metadata.log.segment.ms = 604800000
	metadata.max.idle.interval.ms = 500
	metadata.max.retention.bytes = 104857600
	metadata.max.retention.ms = 604800000
	metric.reporters = []
	metrics.num.samples = 2
	metrics.recording.level = INFO
	metrics.sample.window.ms = 30000
	min.insync.replicas = 1
	node.id = 0
	num.io.threads = 8
	num.network.threads = 2
	num.partitions = 1
	num.recovery.threads.per.data.dir = 1
	num.replica.alter.log.dirs.threads = null
	num.replica.fetchers = 1
	offset.metadata.max.bytes = 4096
	offsets.commit.required.acks = -1
	offsets.commit.timeout.ms = 5000
	offsets.load.buffer.size = 5242880
	offsets.retention.check.interval.ms = 600000
	offsets.retention.minutes = 10080
	offsets.topic.compression.codec = 0
	offsets.topic.num.partitions = 5
	offsets.topic.replication.factor = 1
	offsets.topic.segment.bytes = 104857600
	password.encoder.cipher.algorithm = AES/CBC/PKCS5Padding
	password.encoder.iterations = 4096
	password.encoder.key.length = 128
	password.encoder.keyfactory.algorithm = null
	password.encoder.old.secret = null
	password.encoder.secret = null
	principal.builder.class = class org.apache.kafka.common.security.authenticator.DefaultKafkaPrincipalBuilder
	process.roles = []
	producer.id.expiration.check.interval.ms = 600000
	producer.id.expiration.ms = 86400000
	producer.purgatory.purge.interval.requests = 1000
	queued.max.request.bytes = -1
	queued.max.requests = 500
	quota.window.num = 11
	quota.window.size.seconds = 1
	remote.log.index.file.cache.total.size.bytes = 1073741824
	remote.log.manager.task.interval.ms = 30000
	remote.log.manager.task.retry.backoff.max.ms = 30000
	remote.log.manager.task.retry.backoff.ms = 500
	remote.log.manager.task.retry.jitter = 0.2
	remote.log.manager.thread.pool.size = 10
	remote.log.metadata.custom.metadata.max.bytes = 128
	remote.log.metadata.manager.class.name = org.apache.kafka.server.log.remote.metadata.storage.TopicBasedRemoteLogMetadataManager
	remote.log.metadata.manager.class.path = null
	remote.log.metadata.manager.impl.prefix = rlmm.config.
	remote.log.metadata.manager.listener.name = null
	remote.log.reader.max.pending.tasks = 100
	remote.log.reader.threads = 10
	remote.log.storage.manager.class.name = null
	remote.log.storage.manager.class.path = null
	remote.log.storage.manager.impl.prefix = rsm.config.
	remote.log.storage.system.enable = false
	replica.fetch.backoff.ms = 1000
	replica.fetch.max.bytes = 1048576
	replica.fetch.min.bytes = 1
	replica.fetch.response.max.bytes = 10485760
	replica.fetch.wait.max.ms = 500
	replica.high.watermark.checkpoint.interval.ms = 9223372036854775807
	replica.lag.time.max.ms = 30000
	replica.selector.class = null
	replica.socket.receive.buffer.bytes = 65536
	replica.socket.timeout.ms = 1000
	replication.quota.window.num = 11
	replication.quota.window.size.seconds = 1
	request.timeout.ms = 30000
	reserved.broker.max.id = 1000
	sasl.client.callback.handler.class = null
	sasl.enabled.mechanisms = [GSSAPI]
	sasl.jaas.config = null
	sasl.kerberos.kinit.cmd = /usr/bin/kinit
	sasl.kerberos.min.time.before.relogin = 60000
	sasl.kerberos.principal.to.local.rules = [DEFAULT]
	sasl.kerberos.service.name = null
	sasl.kerberos.ticket.renew.jitter = 0.05
	sasl.kerberos.ticket.renew.window.factor = 0.8
	sasl.login.callback.handler.class = null
	sasl.login.class = null
	sasl.login.connect.timeout.ms = null
	sasl.login.read.timeout.ms = null
	sasl.login.refresh.buffer.seconds = 300
	sasl.login.refresh.min.period.seconds = 60
	sasl.login.refresh.window.factor = 0.8
	sasl.login.refresh.window.jitter = 0.05
	sasl.login.retry.backoff.max.ms = 10000
	sasl.login.retry.backoff.ms = 100
	sasl.mechanism.controller.protocol = GSSAPI
	sasl.mechanism.inter.broker.protocol = GSSAPI
	sasl.oauthbearer.clock.skew.seconds = 30
	sasl.oauthbearer.expected.audience = null
	sasl.oauthbearer.expected.issuer = null
	sasl.oauthbearer.jwks.endpoint.refresh.ms = 3600000
	sasl.oauthbearer.jwks.endpoint.retry.backoff.max.ms = 10000
	sasl.oauthbearer.jwks.endpoint.retry.backoff.ms = 100
	sasl.oauthbearer.jwks.endpoint.url = null
	sasl.oauthbearer.scope.claim.name = scope
	sasl.oauthbearer.sub.claim.name = sub
	sasl.oauthbearer.token.endpoint.url = null
	sasl.server.callback.handler.class = null
	sasl.server.max.receive.size = 524288
	security.inter.broker.protocol = PLAINTEXT
	security.providers = null
	server.max.startup.time.ms = 9223372036854775807
	socket.connection.setup.timeout.max.ms = 30000
	socket.connection.setup.timeout.ms = 10000
	socket.listen.backlog.size = 50
	socket.receive.buffer.bytes = 102400
	socket.request.max.bytes = 104857600
	socket.send.buffer.bytes = 102400
	ssl.allow.dn.changes = false
	ssl.allow.san.changes = false
	ssl.cipher.suites = []
	ssl.client.auth = none
	ssl.enabled.protocols = [TLSv1.2, TLSv1.3]
	ssl.endpoint.identification.algorithm = https
	ssl.engine.factory.class = null
	ssl.key.password = null
	ssl.keymanager.algorithm = SunX509
	ssl.keystore.certificate.chain = null
	ssl.keystore.key = null
	ssl.keystore.location = null
	ssl.keystore.password = null
	ssl.keystore.type = JKS
	ssl.principal.mapping.rules = DEFAULT
	ssl.protocol = TLSv1.3
	ssl.provider = null
	ssl.secure.random.implementation = null
	ssl.trustmanager.algorithm = PKIX
	ssl.truststore.certificates = null
	ssl.truststore.location = null
	ssl.truststore.password = null
	ssl.truststore.type = JKS
	telemetry.max.bytes = 1048576
	transaction.abort.timed.out.transaction.cleanup.interval.ms = 10000
	transaction.max.timeout.ms = 900000
	transaction.partition.verification.enable = true
	transaction.remove.expired.transaction.cleanup.interval.ms = 3600000
	transaction.state.log.load.buffer.size = 5242880
	transaction.state.log.min.isr = 2
	transaction.state.log.num.partitions = 50
	transaction.state.log.replication.factor = 3
	transaction.state.log.segment.bytes = 104857600
	transactional.id.expiration.ms = 604800000
	unclean.leader.election.enable = false
	unstable.api.versions.enable = false
	unstable.metadata.versions.enable = true
	zookeeper.clientCnxnSocket = null
	zookeeper.connect = 127.0.0.1:50665
	zookeeper.connection.timeout.ms = 10000
	zookeeper.max.in.flight.requests = 10
	zookeeper.metadata.migration.enable = false
	zookeeper.metadata.migration.min.batch.size = 200
	zookeeper.session.timeout.ms = 18000
	zookeeper.set.acl = false
	zookeeper.ssl.cipher.suites = null
	zookeeper.ssl.client.enable = false
	zookeeper.ssl.crl.enable = false
	zookeeper.ssl.enabled.protocols = null
	zookeeper.ssl.endpoint.identification.algorithm = HTTPS
	zookeeper.ssl.keystore.location = null
	zookeeper.ssl.keystore.password = null
	zookeeper.ssl.keystore.type = null
	zookeeper.ssl.ocsp.enable = false
	zookeeper.ssl.protocol = TLSv1.2
	zookeeper.ssl.truststore.location = null
	zookeeper.ssl.truststore.password = null
	zookeeper.ssl.truststore.type = null

2026-06-20T23:21:36.802+05:30  INFO 23720 --- [           main] kafka.server.KafkaServer                 : starting
2026-06-20T23:21:36.802+05:30  INFO 23720 --- [           main] kafka.server.KafkaServer                 : Connecting to zookeeper on 127.0.0.1:50665
2026-06-20T23:21:36.803+05:30  INFO 23720 --- [           main] kafka.zookeeper.ZooKeeperClient          : [ZooKeeperClient Kafka server] Initializing a new session to 127.0.0.1:50665.
2026-06-20T23:21:36.803+05:30  INFO 23720 --- [           main] org.apache.zookeeper.ZooKeeper           : Initiating client connection, connectString=127.0.0.1:50665 sessionTimeout=18000 watcher=kafka.zookeeper.ZooKeeperClient$ZooKeeperClientWatcher$@743ebfb4
2026-06-20T23:21:36.806+05:30  INFO 23720 --- [           main] org.apache.zookeeper.ClientCnxnSocket    : jute.maxbuffer value is 4194304 Bytes
2026-06-20T23:21:36.806+05:30  INFO 23720 --- [           main] org.apache.zookeeper.ClientCnxn          : zookeeper.request.timeout value is 0. feature enabled=false
2026-06-20T23:21:36.807+05:30  INFO 23720 --- [           main] kafka.zookeeper.ZooKeeperClient          : [ZooKeeperClient Kafka server] Waiting until connected.
2026-06-20T23:21:36.807+05:30  INFO 23720 --- [27.0.0.1:50665)] org.apache.zookeeper.ClientCnxn          : Opening socket connection to server /127.0.0.1:50665.
2026-06-20T23:21:36.808+05:30  INFO 23720 --- [27.0.0.1:50665)] org.apache.zookeeper.ClientCnxn          : Socket connection established, initiating session, client: /127.0.0.1:50666, server: /127.0.0.1:50665
2026-06-20T23:21:36.809+05:30  INFO 23720 --- [   SyncThread:0] o.a.z.server.persistence.FileTxnLog      : Creating new log file: log.1
2026-06-20T23:21:36.813+05:30  INFO 23720 --- [27.0.0.1:50665)] org.apache.zookeeper.ClientCnxn          : Session establishment complete on server /127.0.0.1:50665, session id = 0x1000573713a0000, negotiated timeout = 16000
2026-06-20T23:21:36.813+05:30  INFO 23720 --- [           main] kafka.zookeeper.ZooKeeperClient          : [ZooKeeperClient Kafka server] Connected.
2026-06-20T23:21:36.881+05:30  INFO 23720 --- [           main] kafka.server.KafkaServer                 : Cluster ID = PcR8FO1ZRPCGy7JDjdqp9Q
2026-06-20T23:21:36.905+05:30  INFO 23720 --- [           main] kafka.server.KafkaConfig                 : KafkaConfig values: 
	advertised.listeners = null
	alter.config.policy.class.name = null
	alter.log.dirs.replication.quota.window.num = 11
	alter.log.dirs.replication.quota.window.size.seconds = 1
	authorizer.class.name = 
	auto.create.topics.enable = true
	auto.include.jmx.reporter = true
	auto.leader.rebalance.enable = true
	background.threads = 2
	broker.heartbeat.interval.ms = 2000
	broker.id = 0
	broker.id.generation.enable = true
	broker.rack = null
	broker.session.timeout.ms = 9000
	client.quota.callback.class = null
	compression.type = producer
	connection.failed.authentication.delay.ms = 100
	connections.max.idle.ms = 600000
	connections.max.reauth.ms = 0
	control.plane.listener.name = null
	controlled.shutdown.enable = false
	controlled.shutdown.max.retries = 3
	controlled.shutdown.retry.backoff.ms = 100
	controller.listener.names = null
	controller.quorum.append.linger.ms = 25
	controller.quorum.election.backoff.max.ms = 1000
	controller.quorum.election.timeout.ms = 1000
	controller.quorum.fetch.timeout.ms = 2000
	controller.quorum.request.timeout.ms = 2000
	controller.quorum.retry.backoff.ms = 20
	controller.quorum.voters = []
	controller.quota.window.num = 11
	controller.quota.window.size.seconds = 1
	controller.socket.timeout.ms = 1000
	create.topic.policy.class.name = null
	default.replication.factor = 1
	delegation.token.expiry.check.interval.ms = 3600000
	delegation.token.expiry.time.ms = 86400000
	delegation.token.master.key = null
	delegation.token.max.lifetime.ms = 604800000
	delegation.token.secret.key = null
	delete.records.purgatory.purge.interval.requests = 1
	delete.topic.enable = true
	early.start.listeners = null
	eligible.leader.replicas.enable = false
	fetch.max.bytes = 57671680
	fetch.purgatory.purge.interval.requests = 1000
	group.consumer.assignors = [org.apache.kafka.coordinator.group.assignor.UniformAssignor, org.apache.kafka.coordinator.group.assignor.RangeAssignor]
	group.consumer.heartbeat.interval.ms = 5000
	group.consumer.max.heartbeat.interval.ms = 15000
	group.consumer.max.session.timeout.ms = 60000
	group.consumer.max.size = 2147483647
	group.consumer.min.heartbeat.interval.ms = 5000
	group.consumer.min.session.timeout.ms = 45000
	group.consumer.session.timeout.ms = 45000
	group.coordinator.new.enable = false
	group.coordinator.rebalance.protocols = [classic]
	group.coordinator.threads = 1
	group.initial.rebalance.delay.ms = 0
	group.max.session.timeout.ms = 1800000
	group.max.size = 2147483647
	group.min.session.timeout.ms = 6000
	initial.broker.registration.timeout.ms = 60000
	inter.broker.listener.name = null
	inter.broker.protocol.version = 3.7-IV4
	kafka.metrics.polling.interval.secs = 10
	kafka.metrics.reporters = []
	leader.imbalance.check.interval.seconds = 300
	leader.imbalance.per.broker.percentage = 10
	listener.security.protocol.map = PLAINTEXT:PLAINTEXT,SSL:SSL,SASL_PLAINTEXT:SASL_PLAINTEXT,SASL_SSL:SASL_SSL
	listeners = PLAINTEXT://localhost:0
	log.cleaner.backoff.ms = 15000
	log.cleaner.dedupe.buffer.size = 2097152
	log.cleaner.delete.retention.ms = 86400000
	log.cleaner.enable = true
	log.cleaner.io.buffer.load.factor = 0.9
	log.cleaner.io.buffer.size = 524288
	log.cleaner.io.max.bytes.per.second = 1.7976931348623157E308
	log.cleaner.max.compaction.lag.ms = 9223372036854775807
	log.cleaner.min.cleanable.ratio = 0.5
	log.cleaner.min.compaction.lag.ms = 0
	log.cleaner.threads = 1
	log.cleanup.policy = [delete]
	log.dir = C:\Users\PC\AppData\Local\Temp\spring.kafka.c5e2beb7-ddc4-4545-8aa5-b24fa43bf5ef8296493793770366173
	log.dirs = null
	log.flush.interval.messages = 9223372036854775807
	log.flush.interval.ms = null
	log.flush.offset.checkpoint.interval.ms = 60000
	log.flush.scheduler.interval.ms = 9223372036854775807
	log.flush.start.offset.checkpoint.interval.ms = 60000
	log.index.interval.bytes = 4096
	log.index.size.max.bytes = 10485760
	log.local.retention.bytes = -2
	log.local.retention.ms = -2
	log.message.downconversion.enable = true
	log.message.format.version = 3.0-IV1
	log.message.timestamp.after.max.ms = 9223372036854775807
	log.message.timestamp.before.max.ms = 9223372036854775807
	log.message.timestamp.difference.max.ms = 9223372036854775807
	log.message.timestamp.type = CreateTime
	log.preallocate = false
	log.retention.bytes = -1
	log.retention.check.interval.ms = 300000
	log.retention.hours = 168
	log.retention.minutes = null
	log.retention.ms = null
	log.roll.hours = 168
	log.roll.jitter.hours = 0
	log.roll.jitter.ms = null
	log.roll.ms = null
	log.segment.bytes = 1073741824
	log.segment.delete.delay.ms = 1000
	max.connection.creation.rate = 2147483647
	max.connections = 2147483647
	max.connections.per.ip = 2147483647
	max.connections.per.ip.overrides = 
	max.incremental.fetch.session.cache.slots = 1000
	message.max.bytes = 1048588
	metadata.log.dir = null
	metadata.log.max.record.bytes.between.snapshots = 20971520
	metadata.log.max.snapshot.interval.ms = 3600000
	metadata.log.segment.bytes = 1073741824
	metadata.log.segment.min.bytes = 8388608
	metadata.log.segment.ms = 604800000
	metadata.max.idle.interval.ms = 500
	metadata.max.retention.bytes = 104857600
	metadata.max.retention.ms = 604800000
	metric.reporters = []
	metrics.num.samples = 2
	metrics.recording.level = INFO
	metrics.sample.window.ms = 30000
	min.insync.replicas = 1
	node.id = 0
	num.io.threads = 8
	num.network.threads = 2
	num.partitions = 1
	num.recovery.threads.per.data.dir = 1
	num.replica.alter.log.dirs.threads = null
	num.replica.fetchers = 1
	offset.metadata.max.bytes = 4096
	offsets.commit.required.acks = -1
	offsets.commit.timeout.ms = 5000
	offsets.load.buffer.size = 5242880
	offsets.retention.check.interval.ms = 600000
	offsets.retention.minutes = 10080
	offsets.topic.compression.codec = 0
	offsets.topic.num.partitions = 5
	offsets.topic.replication.factor = 1
	offsets.topic.segment.bytes = 104857600
	password.encoder.cipher.algorithm = AES/CBC/PKCS5Padding
	password.encoder.iterations = 4096
	password.encoder.key.length = 128
	password.encoder.keyfactory.algorithm = null
	password.encoder.old.secret = null
	password.encoder.secret = null
	principal.builder.class = class org.apache.kafka.common.security.authenticator.DefaultKafkaPrincipalBuilder
	process.roles = []
	producer.id.expiration.check.interval.ms = 600000
	producer.id.expiration.ms = 86400000
	producer.purgatory.purge.interval.requests = 1000
	queued.max.request.bytes = -1
	queued.max.requests = 500
	quota.window.num = 11
	quota.window.size.seconds = 1
	remote.log.index.file.cache.total.size.bytes = 1073741824
	remote.log.manager.task.interval.ms = 30000
	remote.log.manager.task.retry.backoff.max.ms = 30000
	remote.log.manager.task.retry.backoff.ms = 500
	remote.log.manager.task.retry.jitter = 0.2
	remote.log.manager.thread.pool.size = 10
	remote.log.metadata.custom.metadata.max.bytes = 128
	remote.log.metadata.manager.class.name = org.apache.kafka.server.log.remote.metadata.storage.TopicBasedRemoteLogMetadataManager
	remote.log.metadata.manager.class.path = null
	remote.log.metadata.manager.impl.prefix = rlmm.config.
	remote.log.metadata.manager.listener.name = null
	remote.log.reader.max.pending.tasks = 100
	remote.log.reader.threads = 10
	remote.log.storage.manager.class.name = null
	remote.log.storage.manager.class.path = null
	remote.log.storage.manager.impl.prefix = rsm.config.
	remote.log.storage.system.enable = false
	replica.fetch.backoff.ms = 1000
	replica.fetch.max.bytes = 1048576
	replica.fetch.min.bytes = 1
	replica.fetch.response.max.bytes = 10485760
	replica.fetch.wait.max.ms = 500
	replica.high.watermark.checkpoint.interval.ms = 9223372036854775807
	replica.lag.time.max.ms = 30000
	replica.selector.class = null
	replica.socket.receive.buffer.bytes = 65536
	replica.socket.timeout.ms = 1000
	replication.quota.window.num = 11
	replication.quota.window.size.seconds = 1
	request.timeout.ms = 30000
	reserved.broker.max.id = 1000
	sasl.client.callback.handler.class = null
	sasl.enabled.mechanisms = [GSSAPI]
	sasl.jaas.config = null
	sasl.kerberos.kinit.cmd = /usr/bin/kinit
	sasl.kerberos.min.time.before.relogin = 60000
	sasl.kerberos.principal.to.local.rules = [DEFAULT]
	sasl.kerberos.service.name = null
	sasl.kerberos.ticket.renew.jitter = 0.05
	sasl.kerberos.ticket.renew.window.factor = 0.8
	sasl.login.callback.handler.class = null
	sasl.login.class = null
	sasl.login.connect.timeout.ms = null
	sasl.login.read.timeout.ms = null
	sasl.login.refresh.buffer.seconds = 300
	sasl.login.refresh.min.period.seconds = 60
	sasl.login.refresh.window.factor = 0.8
	sasl.login.refresh.window.jitter = 0.05
	sasl.login.retry.backoff.max.ms = 10000
	sasl.login.retry.backoff.ms = 100
	sasl.mechanism.controller.protocol = GSSAPI
	sasl.mechanism.inter.broker.protocol = GSSAPI
	sasl.oauthbearer.clock.skew.seconds = 30
	sasl.oauthbearer.expected.audience = null
	sasl.oauthbearer.expected.issuer = null
	sasl.oauthbearer.jwks.endpoint.refresh.ms = 3600000
	sasl.oauthbearer.jwks.endpoint.retry.backoff.max.ms = 10000
	sasl.oauthbearer.jwks.endpoint.retry.backoff.ms = 100
	sasl.oauthbearer.jwks.endpoint.url = null
	sasl.oauthbearer.scope.claim.name = scope
	sasl.oauthbearer.sub.claim.name = sub
	sasl.oauthbearer.token.endpoint.url = null
	sasl.server.callback.handler.class = null
	sasl.server.max.receive.size = 524288
	security.inter.broker.protocol = PLAINTEXT
	security.providers = null
	server.max.startup.time.ms = 9223372036854775807
	socket.connection.setup.timeout.max.ms = 30000
	socket.connection.setup.timeout.ms = 10000
	socket.listen.backlog.size = 50
	socket.receive.buffer.bytes = 102400
	socket.request.max.bytes = 104857600
	socket.send.buffer.bytes = 102400
	ssl.allow.dn.changes = false
	ssl.allow.san.changes = false
	ssl.cipher.suites = []
	ssl.client.auth = none
	ssl.enabled.protocols = [TLSv1.2, TLSv1.3]
	ssl.endpoint.identification.algorithm = https
	ssl.engine.factory.class = null
	ssl.key.password = null
	ssl.keymanager.algorithm = SunX509
	ssl.keystore.certificate.chain = null
	ssl.keystore.key = null
	ssl.keystore.location = null
	ssl.keystore.password = null
	ssl.keystore.type = JKS
	ssl.principal.mapping.rules = DEFAULT
	ssl.protocol = TLSv1.3
	ssl.provider = null
	ssl.secure.random.implementation = null
	ssl.trustmanager.algorithm = PKIX
	ssl.truststore.certificates = null
	ssl.truststore.location = null
	ssl.truststore.password = null
	ssl.truststore.type = JKS
	telemetry.max.bytes = 1048576
	transaction.abort.timed.out.transaction.cleanup.interval.ms = 10000
	transaction.max.timeout.ms = 900000
	transaction.partition.verification.enable = true
	transaction.remove.expired.transaction.cleanup.interval.ms = 3600000
	transaction.state.log.load.buffer.size = 5242880
	transaction.state.log.min.isr = 2
	transaction.state.log.num.partitions = 50
	transaction.state.log.replication.factor = 3
	transaction.state.log.segment.bytes = 104857600
	transactional.id.expiration.ms = 604800000
	unclean.leader.election.enable = false
	unstable.api.versions.enable = false
	unstable.metadata.versions.enable = true
	zookeeper.clientCnxnSocket = null
	zookeeper.connect = 127.0.0.1:50665
	zookeeper.connection.timeout.ms = 10000
	zookeeper.max.in.flight.requests = 10
	zookeeper.metadata.migration.enable = false
	zookeeper.metadata.migration.min.batch.size = 200
	zookeeper.session.timeout.ms = 18000
	zookeeper.set.acl = false
	zookeeper.ssl.cipher.suites = null
	zookeeper.ssl.client.enable = false
	zookeeper.ssl.crl.enable = false
	zookeeper.ssl.enabled.protocols = null
	zookeeper.ssl.endpoint.identification.algorithm = HTTPS
	zookeeper.ssl.keystore.location = null
	zookeeper.ssl.keystore.password = null
	zookeeper.ssl.keystore.type = null
	zookeeper.ssl.ocsp.enable = false
	zookeeper.ssl.protocol = TLSv1.2
	zookeeper.ssl.truststore.location = null
	zookeeper.ssl.truststore.password = null
	zookeeper.ssl.truststore.type = null

2026-06-20T23:21:36.962+05:30  INFO 23720 --- [nelReaper-Fetch] lientQuotaManager$ThrottledChannelReaper : [ThrottledChannelReaper-Fetch]: Starting
2026-06-20T23:21:36.962+05:30  INFO 23720 --- [           main] kafka.server.KafkaServer                 : [KafkaServer id=0] Rewriting C:\Users\PC\AppData\Local\Temp\spring.kafka.c5e2beb7-ddc4-4545-8aa5-b24fa43bf5ef8296493793770366173\meta.properties
2026-06-20T23:21:36.963+05:30  INFO 23720 --- [lReaper-Produce] lientQuotaManager$ThrottledChannelReaper : [ThrottledChannelReaper-Produce]: Starting
2026-06-20T23:21:36.963+05:30  INFO 23720 --- [lReaper-Request] lientQuotaManager$ThrottledChannelReaper : [ThrottledChannelReaper-Request]: Starting
2026-06-20T23:21:36.964+05:30  INFO 23720 --- [trollerMutation] lientQuotaManager$ThrottledChannelReaper : [ThrottledChannelReaper-ControllerMutation]: Starting
2026-06-20T23:21:36.984+05:30  INFO 23720 --- [           main] kafka.log.LogManager                     : Loading logs from log dirs ArraySeq(C:\Users\PC\AppData\Local\Temp\spring.kafka.c5e2beb7-ddc4-4545-8aa5-b24fa43bf5ef8296493793770366173)
2026-06-20T23:21:36.985+05:30  INFO 23720 --- [           main] kafka.log.LogManager                     : No logs found to be loaded in C:\Users\PC\AppData\Local\Temp\spring.kafka.c5e2beb7-ddc4-4545-8aa5-b24fa43bf5ef8296493793770366173
2026-06-20T23:21:36.987+05:30  INFO 23720 --- [           main] kafka.log.LogManager                     : Loaded 0 logs in 3ms
2026-06-20T23:21:36.987+05:30  INFO 23720 --- [           main] kafka.log.LogManager                     : Starting log cleanup with a period of 300000 ms.
2026-06-20T23:21:36.988+05:30  INFO 23720 --- [           main] kafka.log.LogManager                     : Starting log flusher with a default period of 9223372036854775807 ms.
2026-06-20T23:21:36.990+05:30  INFO 23720 --- [           main] kafka.log.LogCleaner                     : Starting the log cleaner
2026-06-20T23:21:36.992+05:30  INFO 23720 --- [-process-thread] stener$ChangeNotificationProcessorThread : [feature-zk-node-event-process-thread]: Starting
2026-06-20T23:21:36.992+05:30  INFO 23720 --- [leaner-thread-0] kafka.log.LogCleaner$CleanerThread       : [kafka-log-cleaner-thread-0]: Starting
2026-06-20T23:21:36.998+05:30  INFO 23720 --- [-process-thread] k.server.FinalizedFeatureChangeListener  : Feature ZK node at path: /feature does not exist
2026-06-20T23:21:37.002+05:30  INFO 23720 --- [channel-manager] k.server.NodeToControllerRequestThread   : [zk-broker-0-to-controller-forwarding-channel-manager]: Starting
2026-06-20T23:21:37.044+05:30  INFO 23720 --- [           main] kafka.network.ConnectionQuotas           : Updated connection-accept-rate max connection creation rate to 2147483647
2026-06-20T23:21:37.047+05:30  INFO 23720 --- [           main] kafka.network.DataPlaneAcceptor          : Awaiting socket connections on localhost:50667.
2026-06-20T23:21:37.048+05:30  INFO 23720 --- [           main] kafka.network.DataPlaneAcceptor          : Opened wildcard endpoint localhost:50667
2026-06-20T23:21:37.055+05:30  INFO 23720 --- [           main] kafka.network.SocketServer               : [SocketServer listenerType=ZK_BROKER, nodeId=0] Created data-plane acceptor and processors for endpoint : ListenerName(PLAINTEXT)
2026-06-20T23:21:37.064+05:30  INFO 23720 --- [channel-manager] k.server.NodeToControllerRequestThread   : [zk-broker-0-to-controller-alter-partition-channel-manager]: Starting
2026-06-20T23:21:37.073+05:30  INFO 23720 --- [eaper-0-Produce] perationPurgatory$ExpiredOperationReaper : [ExpirationReaper-0-Produce]: Starting
2026-06-20T23:21:37.074+05:30  INFO 23720 --- [nReaper-0-Fetch] perationPurgatory$ExpiredOperationReaper : [ExpirationReaper-0-Fetch]: Starting
2026-06-20T23:21:37.075+05:30  INFO 23720 --- [0-DeleteRecords] perationPurgatory$ExpiredOperationReaper : [ExpirationReaper-0-DeleteRecords]: Starting
2026-06-20T23:21:37.077+05:30  INFO 23720 --- [r-0-RemoteFetch] perationPurgatory$ExpiredOperationReaper : [ExpirationReaper-0-RemoteFetch]: Starting
2026-06-20T23:21:37.081+05:30  INFO 23720 --- [r-0-ElectLeader] perationPurgatory$ExpiredOperationReaper : [ExpirationReaper-0-ElectLeader]: Starting
2026-06-20T23:21:37.081+05:30  INFO 23720 --- [rFailureHandler] k.s.ReplicaManager$LogDirFailureHandler  : [LogDirFailureHandler]: Starting
2026-06-20T23:21:37.081+05:30  INFO 23720 --- [nSenderThread-0] kafka.server.AddPartitionsToTxnManager   : [AddPartitionsToTxnSenderThread-0]: Starting
2026-06-20T23:21:37.084+05:30  INFO 23720 --- [           main] kafka.zk.KafkaZkClient                   : Creating /brokers/ids/0 (is it secure? false)
2026-06-20T23:21:37.087+05:30  INFO 23720 --- [           main] kafka.zk.KafkaZkClient                   : Stat of the created znode at /brokers/ids/0 is: 25,25,1781977897086,1781977897086,1,0,0,72063587416932352,204,0,25

2026-06-20T23:21:37.087+05:30  INFO 23720 --- [           main] kafka.zk.KafkaZkClient                   : Registered broker 0 at path /brokers/ids/0 with addresses: PLAINTEXT://localhost:50667, czxid (broker epoch): 25
2026-06-20T23:21:37.089+05:30  INFO 23720 --- [er-event-thread] rollerEventManager$ControllerEventThread : [ControllerEventThread controllerId=0] Starting
2026-06-20T23:21:37.089+05:30  INFO 23720 --- [nReaper-0-topic] perationPurgatory$ExpiredOperationReaper : [ExpirationReaper-0-topic]: Starting
2026-06-20T23:21:37.090+05:30  INFO 23720 --- [per-0-Heartbeat] perationPurgatory$ExpiredOperationReaper : [ExpirationReaper-0-Heartbeat]: Starting
2026-06-20T23:21:37.091+05:30  INFO 23720 --- [per-0-Rebalance] perationPurgatory$ExpiredOperationReaper : [ExpirationReaper-0-Rebalance]: Starting
2026-06-20T23:21:37.092+05:30  INFO 23720 --- [           main] k.coordinator.group.GroupCoordinator     : [GroupCoordinator 0]: Starting up.
2026-06-20T23:21:37.096+05:30  INFO 23720 --- [           main] k.coordinator.group.GroupCoordinator     : [GroupCoordinator 0]: Startup complete.
2026-06-20T23:21:37.099+05:30  INFO 23720 --- [er-event-thread] kafka.zk.KafkaZkClient                   : Successfully created /controller_epoch with initial epoch 0
2026-06-20T23:21:37.101+05:30  INFO 23720 --- [           main] k.c.transaction.TransactionCoordinator   : [TransactionCoordinator id=0] Starting up.
2026-06-20T23:21:37.103+05:30  INFO 23720 --- [er-event-thread] kafka.controller.KafkaController         : [Controller id=0] 0 successfully elected as the controller. Epoch incremented to 1 and epoch zk version is now 1
2026-06-20T23:21:37.103+05:30  INFO 23720 --- [           main] k.c.transaction.TransactionCoordinator   : [TransactionCoordinator id=0] Startup complete.
2026-06-20T23:21:37.103+05:30  INFO 23720 --- [rSenderThread-0] k.c.t.TransactionMarkerChannelManager    : [TxnMarkerSenderThread-0]: Starting
2026-06-20T23:21:37.106+05:30  INFO 23720 --- [er-event-thread] kafka.controller.KafkaController         : [Controller id=0] Creating FeatureZNode at path: /feature with contents: FeatureZNode(2,Enabled,Map())
2026-06-20T23:21:37.106+05:30  INFO 23720 --- [per-0-AlterAcls] perationPurgatory$ExpiredOperationReaper : [ExpirationReaper-0-AlterAcls]: Starting
2026-06-20T23:21:37.108+05:30  INFO 23720 --- [ain-EventThread] k.server.FinalizedFeatureChangeListener  : Feature ZK node created at path: /feature
2026-06-20T23:21:37.112+05:30  INFO 23720 --- [-process-thread] kafka.server.metadata.ZkMetadataCache    : [MetadataCache brokerId=0] Updated cache from existing None to latest Features(version=3.7-IV4, finalizedFeatures={}, finalizedFeaturesEpoch=0).
2026-06-20T23:21:37.113+05:30  INFO 23720 --- [er-event-thread] kafka.controller.KafkaController         : [Controller id=0] Registering handlers
2026-06-20T23:21:37.114+05:30  INFO 23720 --- [-process-thread] icationListener$ChangeEventProcessThread : [/config/changes-event-process-thread]: Starting
2026-06-20T23:21:37.116+05:30  INFO 23720 --- [er-event-thread] kafka.controller.KafkaController         : [Controller id=0] Deleting log dir event notifications
2026-06-20T23:21:37.117+05:30  INFO 23720 --- [er-event-thread] kafka.controller.KafkaController         : [Controller id=0] Deleting isr change notifications
2026-06-20T23:21:37.119+05:30  INFO 23720 --- [er-event-thread] kafka.controller.KafkaController         : [Controller id=0] Initializing controller context
2026-06-20T23:21:37.122+05:30  INFO 23720 --- [           main] kafka.network.SocketServer               : [SocketServer listenerType=ZK_BROKER, nodeId=0] Enabling request processing.
2026-06-20T23:21:37.124+05:30  INFO 23720 --- [           main] o.a.kafka.common.utils.AppInfoParser     : The mbean of App info: [kafka.server], id: [0] already exists, so skipping a new mbean creation.
2026-06-20T23:21:37.124+05:30  INFO 23720 --- [           main] kafka.server.KafkaServer                 : [KafkaServer id=0] started
2026-06-20T23:21:37.124+05:30  INFO 23720 --- [er-event-thread] kafka.controller.KafkaController         : [Controller id=0] Initialized broker epochs cache: HashMap(0 -> 25)
2026-06-20T23:21:37.125+05:30  INFO 23720 --- [           main] o.a.k.clients.admin.AdminClientConfig    : AdminClientConfig values: 
	auto.include.jmx.reporter = true
	bootstrap.controllers = []
	bootstrap.servers = [127.0.0.1:50667]
	client.dns.lookup = use_all_dns_ips
	client.id = 
	connections.max.idle.ms = 300000
	default.api.timeout.ms = 60000
	enable.metrics.push = true
	metadata.max.age.ms = 300000
	metric.reporters = []
	metrics.num.samples = 2
	metrics.recording.level = INFO
	metrics.sample.window.ms = 30000
	receive.buffer.bytes = 65536
	reconnect.backoff.max.ms = 1000
	reconnect.backoff.ms = 50
	request.timeout.ms = 30000
	retries = 2147483647
	retry.backoff.max.ms = 1000
	retry.backoff.ms = 100
	sasl.client.callback.handler.class = null
	sasl.jaas.config = null
	sasl.kerberos.kinit.cmd = /usr/bin/kinit
	sasl.kerberos.min.time.before.relogin = 60000
	sasl.kerberos.service.name = null
	sasl.kerberos.ticket.renew.jitter = 0.05
	sasl.kerberos.ticket.renew.window.factor = 0.8
	sasl.login.callback.handler.class = null
	sasl.login.class = null
	sasl.login.connect.timeout.ms = null
	sasl.login.read.timeout.ms = null
	sasl.login.refresh.buffer.seconds = 300
	sasl.login.refresh.min.period.seconds = 60
	sasl.login.refresh.window.factor = 0.8
	sasl.login.refresh.window.jitter = 0.05
	sasl.login.retry.backoff.max.ms = 10000
	sasl.login.retry.backoff.ms = 100
	sasl.mechanism = GSSAPI
	sasl.oauthbearer.clock.skew.seconds = 30
	sasl.oauthbearer.expected.audience = null
	sasl.oauthbearer.expected.issuer = null
	sasl.oauthbearer.jwks.endpoint.refresh.ms = 3600000
	sasl.oauthbearer.jwks.endpoint.retry.backoff.max.ms = 10000
	sasl.oauthbearer.jwks.endpoint.retry.backoff.ms = 100
	sasl.oauthbearer.jwks.endpoint.url = null
	sasl.oauthbearer.scope.claim.name = scope
	sasl.oauthbearer.sub.claim.name = sub
	sasl.oauthbearer.token.endpoint.url = null
	security.protocol = PLAINTEXT
	security.providers = null
	send.buffer.bytes = 131072
	socket.connection.setup.timeout.max.ms = 30000
	socket.connection.setup.timeout.ms = 10000
	ssl.cipher.suites = null
	ssl.enabled.protocols = [TLSv1.2, TLSv1.3]
	ssl.endpoint.identification.algorithm = https
	ssl.engine.factory.class = null
	ssl.key.password = null
	ssl.keymanager.algorithm = SunX509
	ssl.keystore.certificate.chain = null
	ssl.keystore.key = null
	ssl.keystore.location = null
	ssl.keystore.password = null
	ssl.keystore.type = JKS
	ssl.protocol = TLSv1.3
	ssl.provider = null
	ssl.secure.random.implementation = null
	ssl.trustmanager.algorithm = PKIX
	ssl.truststore.certificates = null
	ssl.truststore.location = null
	ssl.truststore.password = null
	ssl.truststore.type = JKS

2026-06-20T23:21:37.141+05:30  INFO 23720 --- [er-event-thread] kafka.controller.KafkaController         : [Controller id=0] Currently active brokers in the cluster: Set(0)
2026-06-20T23:21:37.141+05:30  INFO 23720 --- [er-event-thread] kafka.controller.KafkaController         : [Controller id=0] Currently shutting brokers in the cluster: HashSet()
2026-06-20T23:21:37.141+05:30  INFO 23720 --- [er-event-thread] kafka.controller.KafkaController         : [Controller id=0] Current list of topics in the cluster: HashSet()
2026-06-20T23:21:37.141+05:30  INFO 23720 --- [er-event-thread] kafka.controller.KafkaController         : [Controller id=0] Fetching topic deletions in progress
2026-06-20T23:21:37.142+05:30  INFO 23720 --- [r-0-send-thread] kafka.controller.RequestSendThread       : [RequestSendThread controllerId=0] Starting
2026-06-20T23:21:37.143+05:30  INFO 23720 --- [           main] o.a.kafka.common.utils.AppInfoParser     : Kafka version: 3.7.0
2026-06-20T23:21:37.144+05:30  INFO 23720 --- [           main] o.a.kafka.common.utils.AppInfoParser     : Kafka commitId: 2ae524ed625438c5
2026-06-20T23:21:37.144+05:30  INFO 23720 --- [           main] o.a.kafka.common.utils.AppInfoParser     : Kafka startTimeMs: 1781977897143
2026-06-20T23:21:37.144+05:30  INFO 23720 --- [er-event-thread] kafka.controller.KafkaController         : [Controller id=0] List of topics to be deleted: 
2026-06-20T23:21:37.144+05:30  INFO 23720 --- [er-event-thread] kafka.controller.KafkaController         : [Controller id=0] List of topics ineligible for deletion: 
2026-06-20T23:21:37.144+05:30  INFO 23720 --- [er-event-thread] kafka.controller.KafkaController         : [Controller id=0] Initializing topic deletion manager
2026-06-20T23:21:37.145+05:30  INFO 23720 --- [er-event-thread] kafka.controller.TopicDeletionManager    : [Topic Deletion Manager 0] Initializing manager with initial deletions: Set(), initial ineligible deletions: HashSet()
2026-06-20T23:21:37.145+05:30  INFO 23720 --- [er-event-thread] kafka.controller.KafkaController         : [Controller id=0] Sending update metadata request
2026-06-20T23:21:37.145+05:30  INFO 23720 --- [er-event-thread] state.change.logger                      : [Controller id=0 epoch=1] Sending UpdateMetadata request to brokers HashSet(0) for 0 partitions
2026-06-20T23:21:37.146+05:30  INFO 23720 --- [er-event-thread] kafka.controller.ZkReplicaStateMachine   : [ReplicaStateMachine controllerId=0] Initializing replica state
2026-06-20T23:21:37.146+05:30  INFO 23720 --- [er-event-thread] kafka.controller.ZkReplicaStateMachine   : [ReplicaStateMachine controllerId=0] Triggering online replica state changes
2026-06-20T23:21:37.147+05:30  INFO 23720 --- [er-event-thread] kafka.controller.ZkReplicaStateMachine   : [ReplicaStateMachine controllerId=0] Triggering offline replica state changes
2026-06-20T23:21:37.147+05:30  INFO 23720 --- [er-event-thread] k.controller.ZkPartitionStateMachine     : [PartitionStateMachine controllerId=0] Initializing partition state
2026-06-20T23:21:37.147+05:30  INFO 23720 --- [er-event-thread] k.controller.ZkPartitionStateMachine     : [PartitionStateMachine controllerId=0] Triggering online partition state changes
2026-06-20T23:21:37.147+05:30  INFO 23720 --- [er-event-thread] kafka.controller.KafkaController         : [Controller id=0] Ready to serve as the new controller with epoch 1
2026-06-20T23:21:37.148+05:30  INFO 23720 --- [r-0-send-thread] kafka.controller.RequestSendThread       : [RequestSendThread controllerId=0] Controller 0 connected to localhost:50667 (id: 0 rack: null) for sending state change requests
2026-06-20T23:21:37.152+05:30  INFO 23720 --- [er-event-thread] kafka.controller.KafkaController         : [Controller id=0] Partitions undergoing preferred replica election: 
2026-06-20T23:21:37.152+05:30  INFO 23720 --- [er-event-thread] kafka.controller.KafkaController         : [Controller id=0] Partitions that completed preferred replica election: 
2026-06-20T23:21:37.153+05:30  INFO 23720 --- [er-event-thread] kafka.controller.KafkaController         : [Controller id=0] Skipping preferred replica election for partitions due to topic deletion: 
2026-06-20T23:21:37.153+05:30  INFO 23720 --- [er-event-thread] kafka.controller.KafkaController         : [Controller id=0] Resuming preferred replica election for partitions: 
2026-06-20T23:21:37.153+05:30  INFO 23720 --- [er-event-thread] kafka.controller.KafkaController         : [Controller id=0] Starting replica leader election (PREFERRED) for partitions  triggered by ZkTriggered
2026-06-20T23:21:37.155+05:30  INFO 23720 --- [er-event-thread] kafka.controller.KafkaController         : [Controller id=0] Starting the controller scheduler
2026-06-20T23:21:37.177+05:30  INFO 23720 --- [channel-manager] k.server.NodeToControllerRequestThread   : [zk-broker-0-to-controller-alter-partition-channel-manager]: Recorded new controller, from now on will use node localhost:50667 (id: 0 rack: null)
2026-06-20T23:21:37.194+05:30  INFO 23720 --- [quest-handler-2] kafka.zk.AdminZkClient                   : Creating topic smartwatch-telemetry with configuration {} and initial partition assignment HashMap(0 -> ArrayBuffer(0))
2026-06-20T23:21:37.209+05:30  INFO 23720 --- [er-event-thread] kafka.controller.KafkaController         : [Controller id=0] New topics: [Set(smartwatch-telemetry)], deleted topics: [HashSet()], new partition replica assignment [Set(TopicIdReplicaAssignment(smartwatch-telemetry,Some(ELpQal_-RE-TTp2sqczcAQ),Map(smartwatch-telemetry-0 -> ReplicaAssignment(replicas=0, addingReplicas=, removingReplicas=))))]
2026-06-20T23:21:37.210+05:30  INFO 23720 --- [er-event-thread] kafka.controller.KafkaController         : [Controller id=0] New partition creation callback for smartwatch-telemetry-0
2026-06-20T23:21:37.210+05:30  INFO 23720 --- [er-event-thread] state.change.logger                      : [Controller id=0 epoch=1] Changed partition smartwatch-telemetry-0 state from NonExistentPartition to NewPartition with assigned replicas 0
2026-06-20T23:21:37.211+05:30  INFO 23720 --- [er-event-thread] state.change.logger                      : [Controller id=0 epoch=1] Sending UpdateMetadata request to brokers HashSet() for 0 partitions
2026-06-20T23:21:37.213+05:30  INFO 23720 --- [er-event-thread] state.change.logger                      : [Controller id=0 epoch=1] Sending UpdateMetadata request to brokers HashSet() for 0 partitions
2026-06-20T23:21:37.220+05:30  INFO 23720 --- [channel-manager] k.server.NodeToControllerRequestThread   : [zk-broker-0-to-controller-forwarding-channel-manager]: Recorded new controller, from now on will use node localhost:50667 (id: 0 rack: null)
2026-06-20T23:21:37.224+05:30  INFO 23720 --- [er-event-thread] state.change.logger                      : [Controller id=0 epoch=1] Changed partition smartwatch-telemetry-0 from NewPartition to OnlinePartition with state LeaderAndIsr(leader=0, leaderEpoch=0, isrWithBrokerEpoch=List(BrokerState(brokerId=0, brokerEpoch=-1)), leaderRecoveryState=RECOVERED, partitionEpoch=0)
2026-06-20T23:21:37.224+05:30  INFO 23720 --- [er-event-thread] state.change.logger                      : [Controller id=0 epoch=1] Sending LeaderAndIsr request to broker 0 with 1 become-leader and 0 become-follower partitions
2026-06-20T23:21:37.224+05:30  INFO 23720 --- [er-event-thread] state.change.logger                      : [Controller id=0 epoch=1] Sending UpdateMetadata request to brokers HashSet(0) for 1 partitions
2026-06-20T23:21:37.225+05:30  INFO 23720 --- [er-event-thread] state.change.logger                      : [Controller id=0 epoch=1] Sending UpdateMetadata request to brokers HashSet() for 0 partitions
2026-06-20T23:21:37.226+05:30  INFO 23720 --- [quest-handler-5] state.change.logger                      : [Broker id=0] Handling LeaderAndIsr request correlationId 1 from controller 0 for 1 partitions
2026-06-20T23:21:37.227+05:30  INFO 23720 --- [quest-handler-5] kafka.server.ReplicaFetcherManager       : [ReplicaFetcherManager on broker 0] Removed fetcher for partitions Set(smartwatch-telemetry-0)
2026-06-20T23:21:37.227+05:30  INFO 23720 --- [quest-handler-5] state.change.logger                      : [Broker id=0] Stopped fetchers as part of LeaderAndIsr request correlationId 1 from controller 0 epoch 1 as part of the become-leader transition for 1 partitions
2026-06-20T23:21:37.253+05:30  INFO 23720 --- [quest-handler-5] kafka.log.UnifiedLog$                    : [LogLoader partition=smartwatch-telemetry-0, dir=C:\Users\PC\AppData\Local\Temp\spring.kafka.c5e2beb7-ddc4-4545-8aa5-b24fa43bf5ef8296493793770366173] Loading producer state till offset 0 with message format version 2
2026-06-20T23:21:37.255+05:30  INFO 23720 --- [quest-handler-5] kafka.log.LogManager                     : Created log for partition smartwatch-telemetry-0 in C:\Users\PC\AppData\Local\Temp\spring.kafka.c5e2beb7-ddc4-4545-8aa5-b24fa43bf5ef8296493793770366173\smartwatch-telemetry-0 with properties {}
2026-06-20T23:21:37.256+05:30  INFO 23720 --- [quest-handler-5] kafka.cluster.Partition                  : [Partition smartwatch-telemetry-0 broker=0] No checkpointed highwatermark is found for partition smartwatch-telemetry-0
2026-06-20T23:21:37.256+05:30  INFO 23720 --- [quest-handler-5] kafka.cluster.Partition                  : [Partition smartwatch-telemetry-0 broker=0] Log loaded for partition smartwatch-telemetry-0 with initial high watermark 0
2026-06-20T23:21:37.256+05:30  INFO 23720 --- [quest-handler-5] state.change.logger                      : [Broker id=0] Leader smartwatch-telemetry-0 with topic id Some(ELpQal_-RE-TTp2sqczcAQ) starts at leader epoch 0 from offset 0 with partition epoch 0, high watermark 0, ISR [0], adding replicas [] and removing replicas [] . Previous leader None and previous leader epoch was -1.
2026-06-20T23:21:37.275+05:30  INFO 23720 --- [quest-handler-5] state.change.logger                      : [Broker id=0] Finished LeaderAndIsr request in 49ms correlationId 1 from controller 0 for 1 partitions
2026-06-20T23:21:37.280+05:30  INFO 23720 --- [quest-handler-7] state.change.logger                      : [Broker id=0] Add 1 partitions and deleted 0 partitions from metadata cache in response to UpdateMetadata request sent by controller 0 epoch 1 with correlation id 2
2026-06-20T23:21:37.283+05:30  INFO 23720 --- [| adminclient-2] o.a.kafka.common.utils.AppInfoParser     : App info kafka.admin.client for adminclient-2 unregistered
2026-06-20T23:21:37.290+05:30  INFO 23720 --- [| adminclient-2] o.apache.kafka.common.metrics.Metrics    : Metrics scheduler closed
2026-06-20T23:21:37.290+05:30  INFO 23720 --- [| adminclient-2] o.apache.kafka.common.metrics.Metrics    : Closing reporter org.apache.kafka.common.metrics.JmxReporter
2026-06-20T23:21:37.291+05:30  INFO 23720 --- [| adminclient-2] o.apache.kafka.common.metrics.Metrics    : Metrics reporters closed
2026-06-20T23:21:37.292+05:30  INFO 23720 --- [           main] c.l.controller.AuthControllerTest        : Starting AuthControllerTest using Java 26 with PID 23720 (started by PC in C:\Users\PC\OneDrive\Desktop\Watch_backend)
2026-06-20T23:21:37.292+05:30  INFO 23720 --- [           main] c.l.controller.AuthControllerTest        : The following 1 profile is active: "test"
2026-06-20T23:21:38.119+05:30  INFO 23720 --- [           main] .s.d.r.c.RepositoryConfigurationDelegate : Bootstrapping Spring Data JPA repositories in DEFAULT mode.
2026-06-20T23:21:38.191+05:30  INFO 23720 --- [           main] .s.d.r.c.RepositoryConfigurationDelegate : Finished Spring Data repository scanning in 70 ms. Found 9 JPA repository interfaces.
2026-06-20T23:21:38.428+05:30  WARN 23720 --- [           main] trationDelegate$BeanPostProcessorChecker : Bean 'org.springframework.boot.autoconfigure.jdbc.DataSourceConfiguration$Hikari' of type [org.springframework.boot.autoconfigure.jdbc.DataSourceConfiguration$Hikari] is not eligible for getting processed by all BeanPostProcessors (for example: not eligible for auto-proxying). Is this bean getting eagerly injected into a currently created BeanPostProcessor [jobRegistryBeanPostProcessor]? Check the corresponding BeanPostProcessor declaration and its dependencies.
2026-06-20T23:21:38.442+05:30  WARN 23720 --- [           main] trationDelegate$BeanPostProcessorChecker : Bean 'spring.datasource-org.springframework.boot.autoconfigure.jdbc.DataSourceProperties' of type [org.springframework.boot.autoconfigure.jdbc.DataSourceProperties] is not eligible for getting processed by all BeanPostProcessors (for example: not eligible for auto-proxying). Is this bean getting eagerly injected into a currently created BeanPostProcessor [jobRegistryBeanPostProcessor]? Check the corresponding BeanPostProcessor declaration and its dependencies.
2026-06-20T23:21:38.446+05:30  WARN 23720 --- [           main] trationDelegate$BeanPostProcessorChecker : Bean 'org.springframework.boot.autoconfigure.jdbc.DataSourceAutoConfiguration$PooledDataSourceConfiguration' of type [org.springframework.boot.autoconfigure.jdbc.DataSourceAutoConfiguration$PooledDataSourceConfiguration] is not eligible for getting processed by all BeanPostProcessors (for example: not eligible for auto-proxying). Is this bean getting eagerly injected into a currently created BeanPostProcessor [jobRegistryBeanPostProcessor]? Check the corresponding BeanPostProcessor declaration and its dependencies.
2026-06-20T23:21:38.448+05:30  WARN 23720 --- [           main] trationDelegate$BeanPostProcessorChecker : Bean 'jdbcConnectionDetails' of type [org.springframework.boot.autoconfigure.jdbc.PropertiesJdbcConnectionDetails] is not eligible for getting processed by all BeanPostProcessors (for example: not eligible for auto-proxying). Is this bean getting eagerly injected into a currently created BeanPostProcessor [jobRegistryBeanPostProcessor]? Check the corresponding BeanPostProcessor declaration and its dependencies.
2026-06-20T23:21:38.473+05:30  WARN 23720 --- [           main] trationDelegate$BeanPostProcessorChecker : Bean 'dataSource' of type [com.zaxxer.hikari.HikariDataSource] is not eligible for getting processed by all BeanPostProcessors (for example: not eligible for auto-proxying). Is this bean getting eagerly injected into a currently created BeanPostProcessor [jobRegistryBeanPostProcessor]? Check the corresponding BeanPostProcessor declaration and its dependencies.
2026-06-20T23:21:38.494+05:30  WARN 23720 --- [           main] trationDelegate$BeanPostProcessorChecker : Bean 'spring.jpa-org.springframework.boot.autoconfigure.orm.jpa.JpaProperties' of type [org.springframework.boot.autoconfigure.orm.jpa.JpaProperties] is not eligible for getting processed by all BeanPostProcessors (for example: not eligible for auto-proxying). Is this bean getting eagerly injected into a currently created BeanPostProcessor [jobRegistryBeanPostProcessor]? Check the corresponding BeanPostProcessor declaration and its dependencies.
2026-06-20T23:21:38.501+05:30  WARN 23720 --- [           main] trationDelegate$BeanPostProcessorChecker : Bean 'spring.jpa.hibernate-org.springframework.boot.autoconfigure.orm.jpa.HibernateProperties' of type [org.springframework.boot.autoconfigure.orm.jpa.HibernateProperties] is not eligible for getting processed by all BeanPostProcessors (for example: not eligible for auto-proxying). Is this bean getting eagerly injected into a currently created BeanPostProcessor [jobRegistryBeanPostProcessor]? Check the corresponding BeanPostProcessor declaration and its dependencies.
2026-06-20T23:21:38.505+05:30  WARN 23720 --- [           main] trationDelegate$BeanPostProcessorChecker : Bean 'org.springframework.boot.autoconfigure.jdbc.metadata.DataSourcePoolMetadataProvidersConfiguration$HikariPoolDataSourceMetadataProviderConfiguration' of type [org.springframework.boot.autoconfigure.jdbc.metadata.DataSourcePoolMetadataProvidersConfiguration$HikariPoolDataSourceMetadataProviderConfiguration] is not eligible for getting processed by all BeanPostProcessors (for example: not eligible for auto-proxying). Is this bean getting eagerly injected into a currently created BeanPostProcessor [jobRegistryBeanPostProcessor]? Check the corresponding BeanPostProcessor declaration and its dependencies.
2026-06-20T23:21:38.507+05:30  WARN 23720 --- [           main] trationDelegate$BeanPostProcessorChecker : Bean 'hikariPoolDataSourceMetadataProvider' of type [org.springframework.boot.autoconfigure.jdbc.metadata.DataSourcePoolMetadataProvidersConfiguration$HikariPoolDataSourceMetadataProviderConfiguration$$Lambda/0x000000003f92a1b0] is not eligible for getting processed by all BeanPostProcessors (for example: not eligible for auto-proxying). Is this bean getting eagerly injected into a currently created BeanPostProcessor [jobRegistryBeanPostProcessor]? Check the corresponding BeanPostProcessor declaration and its dependencies.
2026-06-20T23:21:38.532+05:30  WARN 23720 --- [           main] trationDelegate$BeanPostProcessorChecker : Bean 'org.springframework.boot.autoconfigure.orm.jpa.HibernateJpaConfiguration' of type [org.springframework.boot.autoconfigure.orm.jpa.HibernateJpaConfiguration] is not eligible for getting processed by all BeanPostProcessors (for example: not eligible for auto-proxying). Is this bean getting eagerly injected into a currently created BeanPostProcessor [jobRegistryBeanPostProcessor]? Check the corresponding BeanPostProcessor declaration and its dependencies.
2026-06-20T23:21:38.542+05:30  WARN 23720 --- [           main] trationDelegate$BeanPostProcessorChecker : Bean 'org.springframework.boot.autoconfigure.transaction.TransactionManagerCustomizationAutoConfiguration' of type [org.springframework.boot.autoconfigure.transaction.TransactionManagerCustomizationAutoConfiguration] is not eligible for getting processed by all BeanPostProcessors (for example: not eligible for auto-proxying). Is this bean getting eagerly injected into a currently created BeanPostProcessor [jobRegistryBeanPostProcessor]? Check the corresponding BeanPostProcessor declaration and its dependencies.
2026-06-20T23:21:38.550+05:30  WARN 23720 --- [           main] trationDelegate$BeanPostProcessorChecker : Bean 'transactionExecutionListeners' of type [org.springframework.boot.autoconfigure.transaction.ExecutionListenersTransactionManagerCustomizer] is not eligible for getting processed by all BeanPostProcessors (for example: not eligible for auto-proxying). Is this bean getting eagerly injected into a currently created BeanPostProcessor [jobRegistryBeanPostProcessor]? Check the corresponding BeanPostProcessor declaration and its dependencies.
2026-06-20T23:21:38.554+05:30  WARN 23720 --- [           main] trationDelegate$BeanPostProcessorChecker : Bean 'spring.transaction-org.springframework.boot.autoconfigure.transaction.TransactionProperties' of type [org.springframework.boot.autoconfigure.transaction.TransactionProperties] is not eligible for getting processed by all BeanPostProcessors (for example: not eligible for auto-proxying). Is this bean getting eagerly injected into a currently created BeanPostProcessor [jobRegistryBeanPostProcessor]? Check the corresponding BeanPostProcessor declaration and its dependencies.
2026-06-20T23:21:38.557+05:30  WARN 23720 --- [           main] trationDelegate$BeanPostProcessorChecker : Bean 'platformTransactionManagerCustomizers' of type [org.springframework.boot.autoconfigure.transaction.TransactionManagerCustomizers] is not eligible for getting processed by all BeanPostProcessors (for example: not eligible for auto-proxying). Is this bean getting eagerly injected into a currently created BeanPostProcessor [jobRegistryBeanPostProcessor]? Check the corresponding BeanPostProcessor declaration and its dependencies.
2026-06-20T23:21:38.562+05:30  WARN 23720 --- [           main] trationDelegate$BeanPostProcessorChecker : Bean 'org.springframework.boot.autoconfigure.sql.init.DataSourceInitializationConfiguration' of type [org.springframework.boot.autoconfigure.sql.init.DataSourceInitializationConfiguration] is not eligible for getting processed by all BeanPostProcessors (for example: not eligible for auto-proxying). Is this bean getting eagerly injected into a currently created BeanPostProcessor [jobRegistryBeanPostProcessor]? Check the corresponding BeanPostProcessor declaration and its dependencies.
2026-06-20T23:21:38.569+05:30  WARN 23720 --- [           main] trationDelegate$BeanPostProcessorChecker : Bean 'spring.sql.init-org.springframework.boot.autoconfigure.sql.init.SqlInitializationProperties' of type [org.springframework.boot.autoconfigure.sql.init.SqlInitializationProperties] is not eligible for getting processed by all BeanPostProcessors (for example: not eligible for auto-proxying). Is this bean getting eagerly injected into a currently created BeanPostProcessor [jobRegistryBeanPostProcessor]? Check the corresponding BeanPostProcessor declaration and its dependencies.
2026-06-20T23:21:38.574+05:30  WARN 23720 --- [           main] trationDelegate$BeanPostProcessorChecker : Bean 'dataSourceScriptDatabaseInitializer' of type [org.springframework.boot.autoconfigure.sql.init.SqlDataSourceScriptDatabaseInitializer] is not eligible for getting processed by all BeanPostProcessors (for example: not eligible for auto-proxying). Is this bean getting eagerly injected into a currently created BeanPostProcessor [jobRegistryBeanPostProcessor]? Check the corresponding BeanPostProcessor declaration and its dependencies.
2026-06-20T23:21:38.581+05:30  WARN 23720 --- [           main] trationDelegate$BeanPostProcessorChecker : Bean 'org.springframework.boot.autoconfigure.batch.BatchAutoConfiguration$DataSourceInitializerConfiguration' of type [org.springframework.boot.autoconfigure.batch.BatchAutoConfiguration$DataSourceInitializerConfiguration] is not eligible for getting processed by all BeanPostProcessors (for example: not eligible for auto-proxying). Is this bean getting eagerly injected into a currently created BeanPostProcessor [jobRegistryBeanPostProcessor]? Check the corresponding BeanPostProcessor declaration and its dependencies.
2026-06-20T23:21:38.608+05:30  WARN 23720 --- [           main] trationDelegate$BeanPostProcessorChecker : Bean 'spring.batch-org.springframework.boot.autoconfigure.batch.BatchProperties' of type [org.springframework.boot.autoconfigure.batch.BatchProperties] is not eligible for getting processed by all BeanPostProcessors (for example: not eligible for auto-proxying). Is this bean getting eagerly injected into a currently created BeanPostProcessor [jobRegistryBeanPostProcessor]? Check the corresponding BeanPostProcessor declaration and its dependencies.
2026-06-20T23:21:38.619+05:30  INFO 23720 --- [           main] com.zaxxer.hikari.HikariDataSource       : HikariPool-2 - Starting...
2026-06-20T23:21:38.627+05:30  INFO 23720 --- [           main] com.zaxxer.hikari.pool.HikariPool        : HikariPool-2 - Added connection conn10: url=jdbc:h2:mem:testdb user=SA
2026-06-20T23:21:38.628+05:30  INFO 23720 --- [           main] com.zaxxer.hikari.HikariDataSource       : HikariPool-2 - Start completed.
2026-06-20T23:21:38.654+05:30  WARN 23720 --- [           main] trationDelegate$BeanPostProcessorChecker : Bean 'batchDataSourceInitializer' of type [org.springframework.boot.autoconfigure.batch.BatchDataSourceScriptDatabaseInitializer] is not eligible for getting processed by all BeanPostProcessors (for example: not eligible for auto-proxying). Is this bean getting eagerly injected into a currently created BeanPostProcessor [jobRegistryBeanPostProcessor]? Check the corresponding BeanPostProcessor declaration and its dependencies.
2026-06-20T23:21:38.657+05:30  WARN 23720 --- [           main] trationDelegate$BeanPostProcessorChecker : Bean 'jpaVendorAdapter' of type [org.springframework.orm.jpa.vendor.HibernateJpaVendorAdapter] is not eligible for getting processed by all BeanPostProcessors (for example: not eligible for auto-proxying). Is this bean getting eagerly injected into a currently created BeanPostProcessor [jobRegistryBeanPostProcessor]? Check the corresponding BeanPostProcessor declaration and its dependencies.
2026-06-20T23:21:38.663+05:30  WARN 23720 --- [           main] trationDelegate$BeanPostProcessorChecker : Bean 'entityManagerFactoryBuilder' of type [org.springframework.boot.orm.jpa.EntityManagerFactoryBuilder] is not eligible for getting processed by all BeanPostProcessors (for example: not eligible for auto-proxying). Is this bean getting eagerly injected into a currently created BeanPostProcessor [jobRegistryBeanPostProcessor]? Check the corresponding BeanPostProcessor declaration and its dependencies.
2026-06-20T23:21:38.675+05:30  WARN 23720 --- [           main] trationDelegate$BeanPostProcessorChecker : Bean 'persistenceManagedTypes' of type [org.springframework.orm.jpa.persistenceunit.SimplePersistenceManagedTypes] is not eligible for getting processed by all BeanPostProcessors (for example: not eligible for auto-proxying). Is this bean getting eagerly injected into a currently created BeanPostProcessor [jobRegistryBeanPostProcessor]? Check the corresponding BeanPostProcessor declaration and its dependencies.
2026-06-20T23:21:38.681+05:30  INFO 23720 --- [           main] o.hibernate.jpa.internal.util.LogHelper  : HHH000204: Processing PersistenceUnitInfo [name: default]
2026-06-20T23:21:38.689+05:30  INFO 23720 --- [           main] o.h.c.internal.RegionFactoryInitiator    : HHH000026: Second-level cache disabled
2026-06-20T23:21:38.724+05:30  INFO 23720 --- [           main] o.s.o.j.p.SpringPersistenceUnitInfo      : No LoadTimeWeaver setup: ignoring JPA class transformer
2026-06-20T23:21:38.727+05:30  WARN 23720 --- [           main] org.hibernate.orm.deprecation            : HHH90000025: H2Dialect does not need to be specified explicitly using 'hibernate.dialect' (remove the property setting and it will be selected by default)
2026-06-20T23:21:39.178+05:30  INFO 23720 --- [           main] o.h.e.t.j.p.i.JtaPlatformInitiator       : HHH000489: No JTA platform available (set 'hibernate.transaction.jta.platform' to enable JTA platform integration)
Hibernate: 
    drop table if exists badges cascade 
Hibernate: 
    drop table if exists challenge_features cascade 
Hibernate: 
    drop table if exists challenges cascade 
Hibernate: 
    drop table if exists device_features cascade 
Hibernate: 
    drop table if exists devices cascade 
Hibernate: 
    drop table if exists leaderboards cascade 
Hibernate: 
    drop table if exists tasks cascade 
Hibernate: 
    drop table if exists user_activities cascade 
Hibernate: 
    drop table if exists user_activity_features cascade 
Hibernate: 
    drop table if exists user_challenges cascade 
Hibernate: 
    drop table if exists user_tasks cascade 
Hibernate: 
    drop table if exists users cascade 
Hibernate: 
    create table badges (
        challenge_id bigint,
        date_achieved timestamp(6) not null,
        id bigint generated by default as identity,
        task_id bigint,
        user_id bigint not null,
        name varchar(255) not null,
        primary key (id)
    )
Hibernate: 
    create table challenge_features (
        challenge_id bigint not null,
        feature varchar(255)
    )
Hibernate: 
    create table challenges (
        is_global boolean not null,
        is_processed boolean not null,
        latitude float(53),
        longitude float(53),
        points_reward integer not null,
        radius_km float(53),
        required_steps integer not null,
        expiry_date timestamp(6) not null,
        id bigint generated by default as identity,
        city varchar(255),
        description varchar(255),
        title varchar(255) not null,
        primary key (id)
    )
Hibernate: 
    create table device_features (
        device_id bigint not null,
        feature varchar(255)
    )
Hibernate: 
    create table devices (
        id bigint generated by default as identity,
        name varchar(255) not null unique,
        primary key (id)
    )
Hibernate: 
    create table leaderboards (
        leaderboard_rank integer not null,
        score integer not null,
        challenge_id bigint not null,
        id bigint generated by default as identity,
        user_id bigint not null,
        primary key (id)
    )
Hibernate: 
    create table tasks (
        points_reward integer not null,
        required_steps integer not null,
        id bigint generated by default as identity,
        description varchar(255),
        title varchar(255) not null,
        primary key (id)
    )
Hibernate: 
    create table user_activities (
        activity_date date not null,
        step_count integer not null,
        id bigint generated by default as identity,
        user_id bigint not null,
        primary key (id),
        unique (user_id, activity_date)
    )
Hibernate: 
    create table user_activity_features (
        user_activity_id bigint not null,
        feature varchar(255)
    )
Hibernate: 
    create table user_challenges (
        completed boolean not null,
        points_awarded integer not null,
        rank integer,
        score integer not null,
        challenge_id bigint not null,
        completion_date timestamp(6),
        id bigint generated by default as identity,
        user_id bigint not null,
        primary key (id),
        unique (user_id, challenge_id)
    )
Hibernate: 
    create table user_tasks (
        completed boolean not null,
        score integer not null,
        completion_date timestamp(6),
        id bigint generated by default as identity,
        task_id bigint not null,
        user_id bigint not null,
        primary key (id),
        unique (user_id, task_id)
    )
Hibernate: 
    create table users (
        points integer not null,
        device_id bigint,
        id bigint generated by default as identity,
        email varchar(255) not null,
        full_name varchar(255) not null,
        level varchar(255) not null,
        password varchar(255) not null,
        phone varchar(255) not null unique,
        role enum ('ROLE_ADMIN','ROLE_USER') not null,
        primary key (id)
    )
Hibernate: 
    alter table if exists badges 
       add constraint FK6y5y73ob47gcy2rj9xrbevu4t 
       foreign key (challenge_id) 
       references challenges
Hibernate: 
    alter table if exists badges 
       add constraint FK7b1fpphl57q0qmoqnityp8ooh 
       foreign key (task_id) 
       references tasks
Hibernate: 
    alter table if exists badges 
       add constraint FK6xty094p6yob3kcweag7yv6c8 
       foreign key (user_id) 
       references users
Hibernate: 
    alter table if exists challenge_features 
       add constraint FKn1q4s5iu78td4q69muk0voord 
       foreign key (challenge_id) 
       references challenges
Hibernate: 
    alter table if exists device_features 
       add constraint FKcl3l2pn40mtiioq5kbuc2yjxb 
       foreign key (device_id) 
       references devices
Hibernate: 
    alter table if exists leaderboards 
       add constraint FK6puigutoo9wphxirlf5r6x4tx 
       foreign key (challenge_id) 
       references challenges
Hibernate: 
    alter table if exists leaderboards 
       add constraint FKpu3rih0o4o3ir0q70q18otuxg 
       foreign key (user_id) 
       references users
Hibernate: 
    alter table if exists user_activities 
       add constraint FKbe7yq8t74yxeoarmxlxevoped 
       foreign key (user_id) 
       references users
Hibernate: 
    alter table if exists user_activity_features 
       add constraint FKh8wpl6ti5uq7r2qstvkce4i9g 
       foreign key (user_activity_id) 
       references user_activities
Hibernate: 
    alter table if exists user_challenges 
       add constraint FKtaajflq2v15ya0kct9woncmft 
       foreign key (challenge_id) 
       references challenges
Hibernate: 
    alter table if exists user_challenges 
       add constraint FKcdjf32e49p3wb497fpxklkon 
       foreign key (user_id) 
       references users
Hibernate: 
    alter table if exists user_tasks 
       add constraint FKd365e5kqm9ekl0dhslnnck8f7 
       foreign key (task_id) 
       references tasks
Hibernate: 
    alter table if exists user_tasks 
       add constraint FKsrpyfa9asu2ymkcqr7jol85o2 
       foreign key (user_id) 
       references users
Hibernate: 
    alter table if exists users 
       add constraint FKh0rlr7wvbhw2qoasnoa7md0la 
       foreign key (device_id) 
       references devices
2026-06-20T23:21:39.265+05:30  INFO 23720 --- [           main] j.LocalContainerEntityManagerFactoryBean : Initialized JPA EntityManagerFactory for persistence unit 'default'
2026-06-20T23:21:39.266+05:30  WARN 23720 --- [           main] trationDelegate$BeanPostProcessorChecker : Bean 'entityManagerFactory' of type [org.springframework.orm.jpa.LocalContainerEntityManagerFactoryBean] is not eligible for getting processed by all BeanPostProcessors (for example: not eligible for auto-proxying). Is this bean getting eagerly injected into a currently created BeanPostProcessor [jobRegistryBeanPostProcessor]? Check the corresponding BeanPostProcessor declaration and its dependencies.
2026-06-20T23:21:39.274+05:30  WARN 23720 --- [           main] trationDelegate$BeanPostProcessorChecker : Bean 'entityManagerFactory' of type [jdk.proxy2.$Proxy169] is not eligible for getting processed by all BeanPostProcessors (for example: not eligible for auto-proxying). Is this bean getting eagerly injected into a currently created BeanPostProcessor [jobRegistryBeanPostProcessor]? Check the corresponding BeanPostProcessor declaration and its dependencies.
2026-06-20T23:21:39.282+05:30  WARN 23720 --- [           main] trationDelegate$BeanPostProcessorChecker : Bean 'transactionManager' of type [org.springframework.orm.jpa.JpaTransactionManager] is not eligible for getting processed by all BeanPostProcessors (for example: not eligible for auto-proxying). Is this bean getting eagerly injected into a currently created BeanPostProcessor [jobRegistryBeanPostProcessor]? Check the corresponding BeanPostProcessor declaration and its dependencies.
2026-06-20T23:21:39.294+05:30  WARN 23720 --- [           main] trationDelegate$BeanPostProcessorChecker : Bean 'org.springframework.boot.autoconfigure.batch.BatchAutoConfiguration$SpringBootBatchConfiguration' of type [org.springframework.boot.autoconfigure.batch.BatchAutoConfiguration$SpringBootBatchConfiguration] is not eligible for getting processed by all BeanPostProcessors (for example: not eligible for auto-proxying). The currently created BeanPostProcessor [jobRegistryBeanPostProcessor] is declared through a non-static factory method on that class; consider declaring it as static instead.
2026-06-20T23:21:39.828+05:30  INFO 23720 --- [           main] r$InitializeUserDetailsManagerConfigurer : Global AuthenticationManager configured with UserDetailsService bean with name customUserDetailsService
2026-06-20T23:21:40.879+05:30  WARN 23720 --- [           main] JpaBaseConfiguration$JpaWebConfiguration : spring.jpa.open-in-view is enabled by default. Therefore, database queries may be performed during view rendering. Explicitly configure spring.jpa.open-in-view to disable this warning
2026-06-20T23:21:41.579+05:30  INFO 23720 --- [           main] o.s.b.a.e.web.EndpointLinksResolver      : Exposing 3 endpoints beneath base path '/actuator'
[...]
Hibernate: 
    select
        u1_0.id,
        u1_0.device_id,
        u1_0.email,
        u1_0.full_name,
        u1_0.level,
        u1_0.password,
        u1_0.phone,
        u1_0.points,
        u1_0.role 
    from
        users u1_0
2026-06-20T23:21:43.118+05:30  INFO 23720 --- [quest-handler-1] kafka.log.UnifiedLog$                    : [LogLoader partition=__consumer_offsets-3, dir=C:\Users\PC\AppData\Local\Temp\spring.kafka.c5e2beb7-ddc4-4545-8aa5-b24fa43bf5ef8296493793770366173] Loading producer state till offset 0 with message format version 2
2026-06-20T23:21:43.120+05:30  INFO 23720 --- [quest-handler-1] kafka.log.LogManager                     : Created log for partition __consumer_offsets-3 in C:\Users\PC\AppData\Local\Temp\spring.kafka.c5e2beb7-ddc4-4545-8aa5-b24fa43bf5ef8296493793770366173\__consumer_offsets-3 with properties {cleanup.policy=compact, compression.type="producer", segment.bytes=104857600}
2026-06-20T23:21:43.122+05:30  INFO 23720 --- [quest-handler-1] kafka.cluster.Partition                  : [Partition __consumer_offsets-3 broker=0] No checkpointed highwatermark is found for partition __consumer_offsets-3
2026-06-20T23:21:43.122+05:30  INFO 23720 --- [quest-handler-1] kafka.cluster.Partition                  : [Partition __consumer_offsets-3 broker=0] Log loaded for partition __consumer_offsets-3 with initial high watermark 0
2026-06-20T23:21:43.122+05:30  INFO 23720 --- [quest-handler-1] state.change.logger                      : [Broker id=0] Leader __consumer_offsets-3 with topic id Some(LXtIHCBDRZ2TdjTQQmhKZQ) starts at leader epoch 0 from offset 0 with partition epoch 0, high watermark 0, ISR [0], adding replicas [] and removing replicas [] . Previous leader None and previous leader epoch was -1.
2026-06-20T23:21:43.173+05:30  INFO 23720 --- [quest-handler-1] kafka.log.UnifiedLog$                    : [LogLoader partition=__consumer_offsets-2, dir=C:\Users\PC\AppData\Local\Temp\spring.kafka.c5e2beb7-ddc4-4545-8aa5-b24fa43bf5ef8296493793770366173] Loading producer state till offset 0 with message format version 2
2026-06-20T23:21:43.174+05:30  INFO 23720 --- [quest-handler-1] kafka.log.LogManager                     : Created log for partition __consumer_offsets-2 in C:\Users\PC\AppData\Local\Temp\spring.kafka.c5e2beb7-ddc4-4545-8aa5-b24fa43bf5ef8296493793770366173\__consumer_offsets-2 with properties {cleanup.policy=compact, compression.type="producer", segment.bytes=104857600}
2026-06-20T23:21:43.176+05:30  INFO 23720 --- [quest-handler-1] kafka.cluster.Partition                  : [Partition __consumer_offsets-2 broker=0] No checkpointed highwatermark is found for partition __consumer_offsets-2
2026-06-20T23:21:43.176+05:30  INFO 23720 --- [quest-handler-1] kafka.cluster.Partition                  : [Partition __consumer_offsets-2 broker=0] Log loaded for partition __consumer_offsets-2 with initial high watermark 0
2026-06-20T23:21:43.177+05:30  INFO 23720 --- [quest-handler-1] state.change.logger                      : [Broker id=0] Leader __consumer_offsets-2 with topic id Some(LXtIHCBDRZ2TdjTQQmhKZQ) starts at leader epoch 0 from offset 0 with partition epoch 0, high watermark 0, ISR [0], adding replicas [] and removing replicas [] . Previous leader None and previous leader epoch was -1.
2026-06-20T23:21:43.211+05:30  INFO 23720 --- [quest-handler-1] kafka.log.UnifiedLog$                    : [LogLoader partition=__consumer_offsets-4, dir=C:\Users\PC\AppData\Local\Temp\spring.kafka.c5e2beb7-ddc4-4545-8aa5-b24fa43bf5ef8296493793770366173] Loading producer state till offset 0 with message format version 2
2026-06-20T23:21:43.213+05:30  INFO 23720 --- [quest-handler-1] kafka.log.LogManager                     : Created log for partition __consumer_offsets-4 in C:\Users\PC\AppData\Local\Temp\spring.kafka.c5e2beb7-ddc4-4545-8aa5-b24fa43bf5ef8296493793770366173\__consumer_offsets-4 with properties {cleanup.policy=compact, compression.type="producer", segment.bytes=104857600}
2026-06-20T23:21:43.213+05:30  INFO 23720 --- [quest-handler-1] kafka.cluster.Partition                  : [Partition __consumer_offsets-4 broker=0] No checkpointed highwatermark is found for partition __consumer_offsets-4
2026-06-20T23:21:43.213+05:30  INFO 23720 --- [quest-handler-1] kafka.cluster.Partition                  : [Partition __consumer_offsets-4 broker=0] Log loaded for partition __consumer_offsets-4 with initial high watermark 0
2026-06-20T23:21:43.213+05:30  INFO 23720 --- [quest-handler-1] state.change.logger                      : [Broker id=0] Leader __consumer_offsets-4 with topic id Some(LXtIHCBDRZ2TdjTQQmhKZQ) starts at leader epoch 0 from offset 0 with partition epoch 0, high watermark 0, ISR [0], adding replicas [] and removing replicas [] . Previous leader None and previous leader epoch was -1.
2026-06-20T23:21:43.239+05:30  INFO 23720 --- [quest-handler-1] kafka.log.UnifiedLog$                    : [LogLoader partition=__consumer_offsets-1, dir=C:\Users\PC\AppData\Local\Temp\spring.kafka.c5e2beb7-ddc4-4545-8aa5-b24fa43bf5ef8296493793770366173] Loading producer state till offset 0 with message format version 2
2026-06-20T23:21:43.240+05:30  INFO 23720 --- [quest-handler-1] kafka.log.LogManager                     : Created log for partition __consumer_offsets-1 in C:\Users\PC\AppData\Local\Temp\spring.kafka.c5e2beb7-ddc4-4545-8aa5-b24fa43bf5ef8296493793770366173\__consumer_offsets-1 with properties {cleanup.policy=compact, compression.type="producer", segment.bytes=104857600}
2026-06-20T23:21:43.240+05:30  INFO 23720 --- [quest-handler-1] kafka.cluster.Partition                  : [Partition __consumer_offsets-1 broker=0] No checkpointed highwatermark is found for partition __consumer_offsets-1
2026-06-20T23:21:43.242+05:30  INFO 23720 --- [quest-handler-1] kafka.cluster.Partition                  : [Partition __consumer_offsets-1 broker=0] Log loaded for partition __consumer_offsets-1 with initial high watermark 0
2026-06-20T23:21:43.242+05:30  INFO 23720 --- [quest-handler-1] state.change.logger                      : [Broker id=0] Leader __consumer_offsets-1 with topic id Some(LXtIHCBDRZ2TdjTQQmhKZQ) starts at leader epoch 0 from offset 0 with partition epoch 0, high watermark 0, ISR [0], adding replicas [] and removing replicas [] . Previous leader None and previous leader epoch was -1.
2026-06-20T23:21:43.273+05:30  INFO 23720 --- [quest-handler-1] kafka.log.UnifiedLog$                    : [LogLoader partition=__consumer_offsets-0, dir=C:\Users\PC\AppData\Local\Temp\spring.kafka.c5e2beb7-ddc4-4545-8aa5-b24fa43bf5ef8296493793770366173] Loading producer state till offset 0 with message format version 2
2026-06-20T23:21:43.274+05:30  INFO 23720 --- [quest-handler-1] kafka.log.LogManager                     : Created log for partition __consumer_offsets-0 in C:\Users\PC\AppData\Local\Temp\spring.kafka.c5e2beb7-ddc4-4545-8aa5-b24fa43bf5ef8296493793770366173\__consumer_offsets-0 with properties {cleanup.policy=compact, compression.type="producer", segment.bytes=104857600}
2026-06-20T23:21:43.274+05:30  INFO 23720 --- [quest-handler-1] kafka.cluster.Partition                  : [Partition __consumer_offsets-0 broker=0] No checkpointed highwatermark is found for partition __consumer_offsets-0
2026-06-20T23:21:43.274+05:30  INFO 23720 --- [quest-handler-1] kafka.cluster.Partition                  : [Partition __consumer_offsets-0 broker=0] Log loaded for partition __consumer_offsets-0 with initial high watermark 0
2026-06-20T23:21:43.275+05:30  INFO 23720 --- [quest-handler-1] state.change.logger                      : [Broker id=0] Leader __consumer_offsets-0 with topic id Some(LXtIHCBDRZ2TdjTQQmhKZQ) starts at leader epoch 0 from offset 0 with partition epoch 0, high watermark 0, ISR [0], adding replicas [] and removing replicas [] . Previous leader None and previous leader epoch was -1.
2026-06-20T23:21:43.288+05:30  INFO 23720 --- [quest-handler-1] k.coordinator.group.GroupCoordinator     : [GroupCoordinator 0]: Elected as the group coordinator for partition 3 in epoch 0
2026-06-20T23:21:43.289+05:30  INFO 23720 --- [quest-handler-1] k.c.group.GroupMetadataManager           : [GroupMetadataManager brokerId=0] Scheduling loading of offsets and group metadata from __consumer_offsets-3 for epoch 0
2026-06-20T23:21:43.289+05:30  INFO 23720 --- [quest-handler-1] k.coordinator.group.GroupCoordinator     : [GroupCoordinator 0]: Elected as the group coordinator for partition 2 in epoch 0
2026-06-20T23:21:43.289+05:30  INFO 23720 --- [quest-handler-1] k.c.group.GroupMetadataManager           : [GroupMetadataManager brokerId=0] Scheduling loading of offsets and group metadata from __consumer_offsets-2 for epoch 0
2026-06-20T23:21:43.289+05:30  INFO 23720 --- [quest-handler-1] k.coordinator.group.GroupCoordinator     : [GroupCoordinator 0]: Elected as the group coordinator for partition 4 in epoch 0
2026-06-20T23:21:43.289+05:30  INFO 23720 --- [quest-handler-1] k.c.group.GroupMetadataManager           : [GroupMetadataManager brokerId=0] Scheduling loading of offsets and group metadata from __consumer_offsets-4 for epoch 0
2026-06-20T23:21:43.289+05:30  INFO 23720 --- [quest-handler-1] k.coordinator.group.GroupCoordinator     : [GroupCoordinator 0]: Elected as the group coordinator for partition 1 in epoch 0
2026-06-20T23:21:43.289+05:30  INFO 23720 --- [quest-handler-1] k.c.group.GroupMetadataManager           : [GroupMetadataManager brokerId=0] Scheduling loading of offsets and group metadata from __consumer_offsets-1 for epoch 0
2026-06-20T23:21:43.289+05:30  INFO 23720 --- [quest-handler-1] k.coordinator.group.GroupCoordinator     : [GroupCoordinator 0]: Elected as the group coordinator for partition 0 in epoch 0
2026-06-20T23:21:43.289+05:30  INFO 23720 --- [adata-manager-0] k.c.group.GroupMetadataManager           : [GroupMetadataManager brokerId=0] Finished loading offsets and group metadata from __consumer_offsets-3 in 0 milliseconds for epoch 0, of which 0 milliseconds was spent in the scheduler.
2026-06-20T23:21:43.289+05:30  INFO 23720 --- [quest-handler-1] k.c.group.GroupMetadataManager           : [GroupMetadataManager brokerId=0] Scheduling loading of offsets and group metadata from __consumer_offsets-0 for epoch 0
2026-06-20T23:21:43.289+05:30  INFO 23720 --- [quest-handler-1] state.change.logger                      : [Broker id=0] Finished LeaderAndIsr request in 193ms correlationId 3 from controller 0 for 5 partitions
2026-06-20T23:21:43.290+05:30  INFO 23720 --- [adata-manager-0] k.c.group.GroupMetadataManager           : [GroupMetadataManager brokerId=0] Finished loading offsets and group metadata from __consumer_offsets-2 in 1 milliseconds for epoch 0, of which 0 milliseconds was spent in the scheduler.
2026-06-20T23:21:43.290+05:30  INFO 23720 --- [adata-manager-0] k.c.group.GroupMetadataManager           : [GroupMetadataManager brokerId=0] Finished loading offsets and group metadata from __consumer_offsets-4 in 1 milliseconds for epoch 0, of which 1 milliseconds was spent in the scheduler.
2026-06-20T23:21:43.291+05:30  INFO 23720 --- [adata-manager-0] k.c.group.GroupMetadataManager           : [GroupMetadataManager brokerId=0] Finished loading offsets and group metadata from __consumer_offsets-1 in 2 milliseconds for epoch 0, of which 1 milliseconds was spent in the scheduler.
2026-06-20T23:21:43.292+05:30  INFO 23720 --- [adata-manager-0] k.c.group.GroupMetadataManager           : [GroupMetadataManager brokerId=0] Finished loading offsets and group metadata from __consumer_offsets-0 in 3 milliseconds for epoch 0, of which 3 milliseconds was spent in the scheduler.
2026-06-20T23:21:43.293+05:30  INFO 23720 --- [quest-handler-0] state.change.logger                      : [Broker id=0] Add 5 partitions and deleted 0 partitions from metadata cache in response to UpdateMetadata request sent by controller 0 epoch 1 with correlation id 4
Hibernate: 
    insert 
    into
        users
        (device_id, email, full_name, level, password, phone, points, role, id) 
    values
        (?, ?, ?, ?, ?, ?, ?, ?, default)
2026-06-20T23:21:43.373+05:30  INFO 23720 --- [ntainer#0-0-C-1] o.a.k.c.c.internals.ConsumerCoordinator  : [Consumer clientId=consumer-leaderboard-group-2, groupId=leaderboard-group] Discovered group coordinator localhost:50667 (id: 2147483647 rack: null)
2026-06-20T23:21:43.374+05:30  INFO 23720 --- [ntainer#0-0-C-1] o.a.k.c.c.internals.ConsumerCoordinator  : [Consumer clientId=consumer-leaderboard-group-2, groupId=leaderboard-group] (Re-)joining group
2026-06-20T23:21:43.383+05:30  INFO 23720 --- [quest-handler-5] k.coordinator.group.GroupCoordinator     : [GroupCoordinator 0]: Dynamic member with unknown member id joins group leaderboard-group in Empty state. Created a new member id consumer-leaderboard-group-2-8d50b263-18db-47ea-8900-69a3af1c3ce9 and request the member to rejoin with this id.
2026-06-20T23:21:43.384+05:30  INFO 23720 --- [ntainer#0-0-C-1] o.a.k.c.c.internals.ConsumerCoordinator  : [Consumer clientId=consumer-leaderboard-group-2, groupId=leaderboard-group] Request joining group due to: need to re-join with the given member-id: consumer-leaderboard-group-2-8d50b263-18db-47ea-8900-69a3af1c3ce9
2026-06-20T23:21:43.385+05:30  INFO 23720 --- [ntainer#0-0-C-1] o.a.k.c.c.internals.ConsumerCoordinator  : [Consumer clientId=consumer-leaderboard-group-2, groupId=leaderboard-group] (Re-)joining group
2026-06-20T23:21:43.387+05:30  INFO 23720 --- [quest-handler-7] k.coordinator.group.GroupCoordinator     : [GroupCoordinator 0]: Preparing to rebalance group leaderboard-group in state PreparingRebalance with old generation 0 (__consumer_offsets-4) (reason: Adding new member consumer-leaderboard-group-2-8d50b263-18db-47ea-8900-69a3af1c3ce9 with group instance id None; client reason: need to re-join with the given member-id: consumer-leaderboard-group-2-8d50b263-18db-47ea-8900-69a3af1c3ce9)
2026-06-20T23:21:43.389+05:30  INFO 23720 --- [cutor-Rebalance] k.coordinator.group.GroupCoordinator     : [GroupCoordinator 0]: Stabilized group leaderboard-group generation 1 (__consumer_offsets-4) with 1 members
2026-06-20T23:21:43.392+05:30  INFO 23720 --- [ntainer#0-0-C-1] o.a.k.c.c.internals.ConsumerCoordinator  : [Consumer clientId=consumer-leaderboard-group-2, groupId=leaderboard-group] Successfully joined group with generation Generation{generationId=1, memberId='consumer-leaderboard-group-2-8d50b263-18db-47ea-8900-69a3af1c3ce9', protocol='range'}
2026-06-20T23:21:43.393+05:30  INFO 23720 --- [ntainer#0-0-C-1] o.a.k.c.c.internals.ConsumerCoordinator  : [Consumer clientId=consumer-leaderboard-group-2, groupId=leaderboard-group] Finished assignment for group at generation 1: {consumer-leaderboard-group-2-8d50b263-18db-47ea-8900-69a3af1c3ce9=Assignment(partitions=[smartwatch-telemetry-0])}
2026-06-20T23:21:43.396+05:30  INFO 23720 --- [quest-handler-6] k.coordinator.group.GroupCoordinator     : [GroupCoordinator 0]: Assignment received from leader consumer-leaderboard-group-2-8d50b263-18db-47ea-8900-69a3af1c3ce9 for group leaderboard-group for generation 1. The group has 1 members, 0 of which are static.
2026-06-20T23:21:43.400+05:30  INFO 23720 --- [ntainer#0-0-C-1] o.a.k.c.c.internals.ConsumerCoordinator  : [Consumer clientId=consumer-leaderboard-group-2, groupId=leaderboard-group] Successfully synced group in generation Generation{generationId=1, memberId='consumer-leaderboard-group-2-8d50b263-18db-47ea-8900-69a3af1c3ce9', protocol='range'}
2026-06-20T23:21:43.401+05:30  INFO 23720 --- [ntainer#0-0-C-1] o.a.k.c.c.internals.ConsumerCoordinator  : [Consumer clientId=consumer-leaderboard-group-2, groupId=leaderboard-group] Notifying assignor about the new Assignment(partitions=[smartwatch-telemetry-0])
2026-06-20T23:21:43.401+05:30  INFO 23720 --- [ntainer#0-0-C-1] k.c.c.i.ConsumerRebalanceListenerInvoker : [Consumer clientId=consumer-leaderboard-group-2, groupId=leaderboard-group] Adding newly assigned partitions: smartwatch-telemetry-0
2026-06-20T23:21:43.405+05:30  INFO 23720 --- [ntainer#0-0-C-1] o.a.k.c.c.internals.ConsumerCoordinator  : [Consumer clientId=consumer-leaderboard-group-2, groupId=leaderboard-group] Found no committed offset for partition smartwatch-telemetry-0
2026-06-20T23:21:43.410+05:30  INFO 23720 --- [ntainer#0-0-C-1] o.a.k.c.c.internals.SubscriptionState    : [Consumer clientId=consumer-leaderboard-group-2, groupId=leaderboard-group] Resetting offset for partition smartwatch-telemetry-0 to position FetchPosition{offset=0, offsetEpoch=Optional.empty, currentLeader=LeaderAndEpoch{leader=Optional[localhost:50667 (id: 0 rack: null)], epoch=0}}.
2026-06-20T23:21:43.410+05:30  INFO 23720 --- [ntainer#0-0-C-1] o.s.k.l.KafkaMessageListenerContainer    : leaderboard-group: partitions assigned: [smartwatch-telemetry-0]
Hibernate: 
    select
        u1_0.id,
        u1_0.device_id,
        u1_0.email,
        u1_0.full_name,
        u1_0.level,
        u1_0.password,
        u1_0.phone,
        u1_0.points,
        u1_0.role 
    from
        users u1_0 
    where
        u1_0.phone=?
]]></system-out>
  </testcase>
  <testcase name="testLogin_BadCredentials_ThrowsUnauthorized" classname="com.leaderboard.controller.AuthControllerTest" time="0.18">
    <system-out><![CDATA[Hibernate: 
    select
        u1_0.id,
        u1_0.device_id,
        u1_0.email,
        u1_0.full_name,
        u1_0.level,
        u1_0.password,
        u1_0.phone,
        u1_0.points,
        u1_0.role 
    from
        users u1_0
Hibernate: 
    select
        u1_0.id,
        u1_0.device_id,
        u1_0.email,
        u1_0.full_name,
        u1_0.level,
        u1_0.password,
        u1_0.phone,
        u1_0.points,
        u1_0.role 
    from
        users u1_0 
    where
        u1_0.phone=?
]]></system-out>
  </testcase>
  <testcase name="testRegisterUser_Success" classname="com.leaderboard.controller.AuthControllerTest" time="0.304">
    <system-out><![CDATA[Hibernate: 
    select
        u1_0.id,
        u1_0.device_id,
        u1_0.email,
        u1_0.full_name,
        u1_0.level,
        u1_0.password,
        u1_0.phone,
        u1_0.points,
        u1_0.role 
    from
        users u1_0
Hibernate: 
    select
        u1_0.id,
        u1_0.device_id,
        u1_0.email,
        u1_0.full_name,
        u1_0.level,
        u1_0.password,
        u1_0.phone,
        u1_0.points,
        u1_0.role 
    from
        users u1_0 
    where
        u1_0.phone=?
Hibernate: 
    select
        u1_0.id,
        u1_0.device_id,
        u1_0.email,
        u1_0.full_name,
        u1_0.level,
        u1_0.password,
        u1_0.phone,
        u1_0.points,
        u1_0.role 
    from
        users u1_0 
    where
        u1_0.email=?
Hibernate: 
    insert 
    into
        users
        (device_id, email, full_name, level, password, phone, points, role, id) 
    values
        (?, ?, ?, ?, ?, ?, ?, ?, default)
]]></system-out>
  </testcase>
  <testcase name="testRegisterUser_DuplicatePhone_ThrowsBadRequest" classname="com.leaderboard.controller.AuthControllerTest" time="0.15">
    <system-out><![CDATA[Hibernate: 
    select
        u1_0.id,
        u1_0.device_id,
        u1_0.email,
        u1_0.full_name,
        u1_0.level,
        u1_0.password,
        u1_0.phone,
        u1_0.points,
        u1_0.role 
    from
        users u1_0
Hibernate: 
    insert 
    into
        users
        (device_id, email, full_name, level, password, phone, points, role, id) 
    values
        (?, ?, ?, ?, ?, ?, ?, ?, default)
Hibernate: 
    select
        u1_0.id,
        u1_0.device_id,
        u1_0.email,
        u1_0.full_name,
        u1_0.level,
        u1_0.password,
        u1_0.phone,
        u1_0.points,
        u1_0.role 
    from
        users u1_0 
    where
        u1_0.phone=?
]]></system-out>
  </testcase>
</testsuite>